<?xml version="1.0" encoding="utf-8"?>
<CoverageSession xmlns:xsd="http://www.w3.org/2001/XMLSchema" xmlns:xsi="http://www.w3.org/2001/XMLSchema-instance" Version="0.0.0.0">
  <Summary numSequencePoints="3550" visitedSequencePoints="0" numBranchPoints="0" visitedBranchPoints="0" sequenceCoverage="0.0" branchCoverage="0.0" maxCyclomaticComplexity="0" minCyclomaticComplexity="0" maxCrapScore="0" minCrapScore="0" visitedClasses="0" numClasses="125" visitedMethods="0" numMethods="472" />
  <Modules>
    <Module>
      <Summary numSequencePoints="538" visitedSequencePoints="0" numBranchPoints="0" visitedBranchPoints="0" sequenceCoverage="0.0" branchCoverage="0.0" maxCyclomaticComplexity="0" minCyclomaticComplexity="0" maxCrapScore="0" minCrapScore="0" visitedClasses="0" numClasses="10" visitedMethods="0" numMethods="66" />
      <ModuleTime>0001-01-01T00:00:00</ModuleTime>
      <ModuleName>Assembly-CSharp-Editor</ModuleName>
      <Files>
        <File uid="1" fullPath="C:/add/GAM302/ASM_nangcao/Assets/Polytope Studio/Welcome_Screen/Editor/PT_Welcome_Screen.cs" />
        <File uid="2" fullPath="C:/add/GAM302/ASM_nangcao/Assets/TutorialInfo/Scripts/Editor/ReadmeEditor.cs" />
        <File uid="3" fullPath="C:/add/GAM302/ASM_nangcao/Assets/Asset_Character/Blink/Art/Characters/LowPoly/Editor/MaterialTilingOffset.cs" />
      </Files>
      <Classes>
        <Class>
          <Summary numSequencePoints="313" visitedSequencePoints="0" numBranchPoints="0" visitedBranchPoints="0" sequenceCoverage="0.0" branchCoverage="0.0" maxCyclomaticComplexity="0" minCyclomaticComplexity="0" maxCrapScore="0" minCrapScore="0" visitedClasses="0" numClasses="1" visitedMethods="0" numMethods="28" />
          <FullName>PT_PackageWelcomeWindow</FullName>
          <Methods>
            <Method visited="false" cyclomaticComplexity="0" nPathComplexity="0" sequenceCoverage="0.0" branchCoverage="0" crapScore="0" isConstructor="false" isStatic="true" isGetter="false" isSetter="false">
              <Summary numSequencePoints="6" visitedSequencePoints="0" numBranchPoints="0" visitedBranchPoints="0" sequenceCoverage="0.0" branchCoverage="0" maxCyclomaticComplexity="0" minCyclomaticComplexity="0" maxCrapScore="0" minCrapScore="0" visitedClasses="0" numClasses="0" visitedMethods="0" numMethods="1" />
              <MetadataToken>100663297</MetadataToken>
              <Name>static System.Void PT_PackageWelcomeWindow::OpenWindow()</Name>
              <FileRef uid="1" />
              <SequencePoints>
                <SequencePoint vc="0" uspid="1" ordinal="0" offset="0" sl="108" sc="0" el="108" ec="0" bec="0" bev="0" fileid="1" />
                <SequencePoint vc="0" uspid="2" ordinal="0" offset="5" sl="109" sc="0" el="109" ec="0" bec="0" bev="0" fileid="1" />
                <SequencePoint vc="0" uspid="3" ordinal="0" offset="16" sl="110" sc="0" el="110" ec="0" bec="0" bev="0" fileid="1" />
                <SequencePoint vc="0" uspid="4" ordinal="0" offset="37" sl="111" sc="0" el="111" ec="0" bec="0" bev="0" fileid="1" />
                <SequencePoint vc="0" uspid="5" ordinal="0" offset="58" sl="112" sc="0" el="112" ec="0" bec="0" bev="0" fileid="1" />
                <SequencePoint vc="0" uspid="6" ordinal="0" offset="63" sl="113" sc="0" el="113" ec="0" bec="0" bev="0" fileid="1" />
              </SequencePoints>
              <BranchPoints />
            </Method>
            <Method visited="false" cyclomaticComplexity="0" nPathComplexity="0" sequenceCoverage="0.0" branchCoverage="0" crapScore="0" isConstructor="false" isStatic="true" isGetter="false" isSetter="false">
              <Summary numSequencePoints="4" visitedSequencePoints="0" numBranchPoints="0" visitedBranchPoints="0" sequenceCoverage="0.0" branchCoverage="0" maxCyclomaticComplexity="0" minCyclomaticComplexity="0" maxCrapScore="0" minCrapScore="0" visitedClasses="0" numClasses="0" visitedMethods="0" numMethods="1" />
              <MetadataToken>100663298</MetadataToken>
              <Name>static System.Void PT_PackageWelcomeWindow::ShowOnLoad()</Name>
              <FileRef uid="1" />
              <SequencePoints>
                <SequencePoint vc="0" uspid="7" ordinal="0" offset="0" sl="117" sc="0" el="117" ec="0" bec="0" bev="0" fileid="1" />
                <SequencePoint vc="0" uspid="8" ordinal="0" offset="32" sl="118" sc="0" el="118" ec="0" bec="0" bev="0" fileid="1" />
                <SequencePoint vc="0" uspid="9" ordinal="0" offset="37" sl="119" sc="0" el="119" ec="0" bec="0" bev="0" fileid="1" />
                <SequencePoint vc="0" uspid="10" ordinal="0" offset="42" sl="120" sc="0" el="120" ec="0" bec="0" bev="0" fileid="1" />
              </SequencePoints>
              <BranchPoints />
            </Method>
            <Method visited="false" cyclomaticComplexity="0" nPathComplexity="0" sequenceCoverage="0.0" branchCoverage="0" crapScore="0" isConstructor="false" isStatic="false" isGetter="false" isSetter="false">
              <Summary numSequencePoints="2" visitedSequencePoints="0" numBranchPoints="0" visitedBranchPoints="0" sequenceCoverage="0.0" branchCoverage="0" maxCyclomaticComplexity="0" minCyclomaticComplexity="0" maxCrapScore="0" minCrapScore="0" visitedClasses="0" numClasses="0" visitedMethods="0" numMethods="1" />
              <MetadataToken>100663299</MetadataToken>
              <Name>System.Void PT_PackageWelcomeWindow::OnDestroy()</Name>
              <FileRef uid="1" />
              <SequencePoints>
                <SequencePoint vc="0" uspid="11" ordinal="0" offset="0" sl="125" sc="0" el="125" ec="0" bec="0" bev="0" fileid="1" />
                <SequencePoint vc="0" uspid="12" ordinal="0" offset="16" sl="126" sc="0" el="126" ec="0" bec="0" bev="0" fileid="1" />
              </SequencePoints>
              <BranchPoints />
            </Method>
            <Method visited="false" cyclomaticComplexity="0" nPathComplexity="0" sequenceCoverage="0.0" branchCoverage="0" crapScore="0" isConstructor="false" isStatic="false" isGetter="false" isSetter="false">
              <Summary numSequencePoints="4" visitedSequencePoints="0" numBranchPoints="0" visitedBranchPoints="0" sequenceCoverage="0.0" branchCoverage="0" maxCyclomaticComplexity="0" minCyclomaticComplexity="0" maxCrapScore="0" minCrapScore="0" visitedClasses="0" numClasses="0" visitedMethods="0" numMethods="1" />
              <MetadataToken>100663300</MetadataToken>
              <Name>System.Void PT_PackageWelcomeWindow::OnEnable()</Name>
              <FileRef uid="1" />
              <SequencePoints>
                <SequencePoint vc="0" uspid="13" ordinal="0" offset="0" sl="133" sc="0" el="133" ec="0" bec="0" bev="0" fileid="1" />
                <SequencePoint vc="0" uspid="14" ordinal="0" offset="17" sl="134" sc="0" el="134" ec="0" bec="0" bev="0" fileid="1" />
                <SequencePoint vc="0" uspid="15" ordinal="0" offset="38" sl="135" sc="0" el="135" ec="0" bec="0" bev="0" fileid="1" />
                <SequencePoint vc="0" uspid="16" ordinal="0" offset="59" sl="136" sc="0" el="136" ec="0" bec="0" bev="0" fileid="1" />
              </SequencePoints>
              <BranchPoints />
            </Method>
            <Method visited="false" cyclomaticComplexity="0" nPathComplexity="0" sequenceCoverage="0.0" branchCoverage="0" crapScore="0" isConstructor="false" isStatic="true" isGetter="false" isSetter="false">
              <Summary numSequencePoints="17" visitedSequencePoints="0" numBranchPoints="0" visitedBranchPoints="0" sequenceCoverage="0.0" branchCoverage="0" maxCyclomaticComplexity="0" minCyclomaticComplexity="0" maxCrapScore="0" minCrapScore="0" visitedClasses="0" numClasses="0" visitedMethods="0" numMethods="1" />
              <MetadataToken>100663301</MetadataToken>
              <Name>static System.Void PT_PackageWelcomeWindow::LoadAssets()</Name>
              <FileRef uid="1" />
              <SequencePoints>
                <SequencePoint vc="0" uspid="17" ordinal="0" offset="0" sl="140" sc="0" el="140" ec="0" bec="0" bev="0" fileid="1" />
                <SequencePoint vc="0" uspid="18" ordinal="0" offset="19" sl="144" sc="0" el="144" ec="0" bec="0" bev="0" fileid="1" />
                <SequencePoint vc="0" uspid="19" ordinal="0" offset="29" sl="145" sc="0" el="145" ec="0" bec="0" bev="0" fileid="1" />
                <SequencePoint vc="0" uspid="20" ordinal="0" offset="44" sl="146" sc="0" el="146" ec="0" bec="0" bev="0" fileid="1" />
                <SequencePoint vc="0" uspid="21" ordinal="0" offset="59" sl="147" sc="0" el="147" ec="0" bec="0" bev="0" fileid="1" />
                <SequencePoint vc="0" uspid="22" ordinal="0" offset="74" sl="148" sc="0" el="148" ec="0" bec="0" bev="0" fileid="1" />
                <SequencePoint vc="0" uspid="23" ordinal="0" offset="89" sl="149" sc="0" el="149" ec="0" bec="0" bev="0" fileid="1" />
                <SequencePoint vc="0" uspid="24" ordinal="0" offset="104" sl="150" sc="0" el="150" ec="0" bec="0" bev="0" fileid="1" />
                <SequencePoint vc="0" uspid="25" ordinal="0" offset="119" sl="152" sc="0" el="152" ec="0" bec="0" bev="0" fileid="1" />
                <SequencePoint vc="0" uspid="26" ordinal="0" offset="134" sl="153" sc="0" el="153" ec="0" bec="0" bev="0" fileid="1" />
                <SequencePoint vc="0" uspid="27" ordinal="0" offset="149" sl="155" sc="0" el="155" ec="0" bec="0" bev="0" fileid="1" />
                <SequencePoint vc="0" uspid="28" ordinal="0" offset="164" sl="156" sc="0" el="156" ec="0" bec="0" bev="0" fileid="1" />
                <SequencePoint vc="0" uspid="29" ordinal="0" offset="179" sl="157" sc="0" el="157" ec="0" bec="0" bev="0" fileid="1" />
                <SequencePoint vc="0" uspid="30" ordinal="0" offset="194" sl="158" sc="0" el="158" ec="0" bec="0" bev="0" fileid="1" />
                <SequencePoint vc="0" uspid="31" ordinal="0" offset="209" sl="159" sc="0" el="159" ec="0" bec="0" bev="0" fileid="1" />
                <SequencePoint vc="0" uspid="32" ordinal="0" offset="224" sl="160" sc="0" el="160" ec="0" bec="0" bev="0" fileid="1" />
                <SequencePoint vc="0" uspid="33" ordinal="0" offset="239" sl="161" sc="0" el="161" ec="0" bec="0" bev="0" fileid="1" />
              </SequencePoints>
              <BranchPoints />
            </Method>
            <Method visited="false" cyclomaticComplexity="0" nPathComplexity="0" sequenceCoverage="0.0" branchCoverage="0" crapScore="0" isConstructor="false" isStatic="false" isGetter="false" isSetter="false">
              <Summary numSequencePoints="55" visitedSequencePoints="0" numBranchPoints="0" visitedBranchPoints="0" sequenceCoverage="0.0" branchCoverage="0" maxCyclomaticComplexity="0" minCyclomaticComplexity="0" maxCrapScore="0" minCrapScore="0" visitedClasses="0" numClasses="0" visitedMethods="0" numMethods="1" />
              <MetadataToken>100663302</MetadataToken>
              <Name>System.Void PT_PackageWelcomeWindow::CreateGUI()</Name>
              <FileRef uid="1" />
              <SequencePoints>
                <SequencePoint vc="0" uspid="34" ordinal="0" offset="0" sl="166" sc="0" el="166" ec="0" bec="0" bev="0" fileid="1" />
                <SequencePoint vc="0" uspid="35" ordinal="0" offset="7" sl="167" sc="0" el="167" ec="0" bec="0" bev="0" fileid="1" />
                <SequencePoint vc="0" uspid="36" ordinal="0" offset="28" sl="168" sc="0" el="168" ec="0" bec="0" bev="0" fileid="1" />
                <SequencePoint vc="0" uspid="37" ordinal="0" offset="40" sl="170" sc="0" el="170" ec="0" bec="0" bev="0" fileid="1" />
                <SequencePoint vc="0" uspid="38" ordinal="0" offset="46" sl="171" sc="0" el="171" ec="0" bec="0" bev="0" fileid="1" />
                <SequencePoint vc="0" uspid="39" ordinal="0" offset="67" sl="172" sc="0" el="172" ec="0" bec="0" bev="0" fileid="1" />
                <SequencePoint vc="0" uspid="40" ordinal="0" offset="88" sl="173" sc="0" el="173" ec="0" bec="0" bev="0" fileid="1" />
                <SequencePoint vc="0" uspid="41" ordinal="0" offset="95" sl="176" sc="0" el="176" ec="0" bec="0" bev="0" fileid="1" />
                <SequencePoint vc="0" uspid="42" ordinal="0" offset="108" sl="177" sc="0" el="177" ec="0" bec="0" bev="0" fileid="1" />
                <SequencePoint vc="0" uspid="43" ordinal="0" offset="120" sl="179" sc="0" el="179" ec="0" bec="0" bev="0" fileid="1" />
                <SequencePoint vc="0" uspid="44" ordinal="0" offset="137" sl="182" sc="0" el="182" ec="0" bec="0" bev="0" fileid="1" />
                <SequencePoint vc="0" uspid="45" ordinal="0" offset="143" sl="183" sc="0" el="183" ec="0" bec="0" bev="0" fileid="1" />
                <SequencePoint vc="0" uspid="46" ordinal="0" offset="160" sl="185" sc="0" el="185" ec="0" bec="0" bev="0" fileid="1" />
                <SequencePoint vc="0" uspid="47" ordinal="0" offset="171" sl="186" sc="0" el="186" ec="0" bec="0" bev="0" fileid="1" />
                <SequencePoint vc="0" uspid="48" ordinal="0" offset="212" sl="187" sc="0" el="187" ec="0" bec="0" bev="0" fileid="1" />
                <SequencePoint vc="0" uspid="49" ordinal="0" offset="233" sl="188" sc="0" el="188" ec="0" bec="0" bev="0" fileid="1" />
                <SequencePoint vc="0" uspid="50" ordinal="0" offset="250" sl="189" sc="0" el="189" ec="0" bec="0" bev="0" fileid="1" />
                <SequencePoint vc="0" uspid="51" ordinal="0" offset="267" sl="190" sc="0" el="190" ec="0" bec="0" bev="0" fileid="1" />
                <SequencePoint vc="0" uspid="52" ordinal="0" offset="288" sl="191" sc="0" el="191" ec="0" bec="0" bev="0" fileid="1" />
                <SequencePoint vc="0" uspid="53" ordinal="0" offset="309" sl="192" sc="0" el="192" ec="0" bec="0" bev="0" fileid="1" />
                <SequencePoint vc="0" uspid="54" ordinal="0" offset="330" sl="193" sc="0" el="193" ec="0" bec="0" bev="0" fileid="1" />
                <SequencePoint vc="0" uspid="55" ordinal="0" offset="351" sl="194" sc="0" el="194" ec="0" bec="0" bev="0" fileid="1" />
                <SequencePoint vc="0" uspid="56" ordinal="0" offset="372" sl="195" sc="0" el="195" ec="0" bec="0" bev="0" fileid="1" />
                <SequencePoint vc="0" uspid="57" ordinal="0" offset="379" sl="196" sc="0" el="196" ec="0" bec="0" bev="0" fileid="1" />
                <SequencePoint vc="0" uspid="58" ordinal="0" offset="386" sl="198" sc="0" el="198" ec="0" bec="0" bev="0" fileid="1" />
                <SequencePoint vc="0" uspid="59" ordinal="0" offset="398" sl="199" sc="0" el="199" ec="0" bec="0" bev="0" fileid="1" />
                <SequencePoint vc="0" uspid="60" ordinal="0" offset="440" sl="200" sc="0" el="200" ec="0" bec="0" bev="0" fileid="1" />
                <SequencePoint vc="0" uspid="61" ordinal="0" offset="458" sl="201" sc="0" el="201" ec="0" bec="0" bev="0" fileid="1" />
                <SequencePoint vc="0" uspid="62" ordinal="0" offset="480" sl="202" sc="0" el="202" ec="0" bec="0" bev="0" fileid="1" />
                <SequencePoint vc="0" uspid="63" ordinal="0" offset="502" sl="203" sc="0" el="203" ec="0" bec="0" bev="0" fileid="1" />
                <SequencePoint vc="0" uspid="64" ordinal="0" offset="524" sl="204" sc="0" el="204" ec="0" bec="0" bev="0" fileid="1" />
                <SequencePoint vc="0" uspid="65" ordinal="0" offset="546" sl="205" sc="0" el="205" ec="0" bec="0" bev="0" fileid="1" />
                <SequencePoint vc="0" uspid="66" ordinal="0" offset="554" sl="206" sc="0" el="206" ec="0" bec="0" bev="0" fileid="1" />
                <SequencePoint vc="0" uspid="67" ordinal="0" offset="562" sl="208" sc="0" el="208" ec="0" bec="0" bev="0" fileid="1" />
                <SequencePoint vc="0" uspid="68" ordinal="0" offset="569" sl="210" sc="0" el="210" ec="0" bec="0" bev="0" fileid="1" />
                <SequencePoint vc="0" uspid="69" ordinal="0" offset="586" sl="213" sc="0" el="213" ec="0" bec="0" bev="0" fileid="1" />
                <SequencePoint vc="0" uspid="70" ordinal="0" offset="610" sl="221" sc="0" el="221" ec="0" bec="0" bev="0" fileid="1" />
                <SequencePoint vc="0" uspid="71" ordinal="0" offset="627" sl="224" sc="0" el="224" ec="0" bec="0" bev="0" fileid="1" />
                <SequencePoint vc="0" uspid="72" ordinal="0" offset="651" sl="230" sc="0" el="230" ec="0" bec="0" bev="0" fileid="1" />
                <SequencePoint vc="0" uspid="73" ordinal="0" offset="668" sl="233" sc="0" el="233" ec="0" bec="0" bev="0" fileid="1" />
                <SequencePoint vc="0" uspid="74" ordinal="0" offset="692" sl="251" sc="0" el="251" ec="0" bec="0" bev="0" fileid="1" />
                <SequencePoint vc="0" uspid="75" ordinal="0" offset="709" sl="254" sc="0" el="254" ec="0" bec="0" bev="0" fileid="1" />
                <SequencePoint vc="0" uspid="76" ordinal="0" offset="752" sl="271" sc="0" el="271" ec="0" bec="0" bev="0" fileid="1" />
                <SequencePoint vc="0" uspid="77" ordinal="0" offset="769" sl="274" sc="0" el="274" ec="0" bec="0" bev="0" fileid="1" />
                <SequencePoint vc="0" uspid="78" ordinal="0" offset="793" sl="275" sc="0" el="275" ec="0" bec="0" bev="0" fileid="1" />
                <SequencePoint vc="0" uspid="79" ordinal="0" offset="813" sl="276" sc="0" el="276" ec="0" bec="0" bev="0" fileid="1" />
                <SequencePoint vc="0" uspid="80" ordinal="0" offset="835" sl="277" sc="0" el="277" ec="0" bec="0" bev="0" fileid="1" />
                <SequencePoint vc="0" uspid="81" ordinal="0" offset="843" sl="279" sc="0" el="279" ec="0" bec="0" bev="0" fileid="1" />
                <SequencePoint vc="0" uspid="82" ordinal="0" offset="860" sl="282" sc="0" el="282" ec="0" bec="0" bev="0" fileid="1" />
                <SequencePoint vc="0" uspid="83" ordinal="0" offset="879" sl="288" sc="0" el="288" ec="0" bec="0" bev="0" fileid="1" />
                <SequencePoint vc="0" uspid="84" ordinal="0" offset="891" sl="289" sc="0" el="289" ec="0" bec="0" bev="0" fileid="1" />
                <SequencePoint vc="0" uspid="85" ordinal="0" offset="913" sl="290" sc="0" el="290" ec="0" bec="0" bev="0" fileid="1" />
                <SequencePoint vc="0" uspid="86" ordinal="0" offset="921" sl="291" sc="0" el="291" ec="0" bec="0" bev="0" fileid="1" />
                <SequencePoint vc="0" uspid="87" ordinal="0" offset="929" sl="293" sc="0" el="293" ec="0" bec="0" bev="0" fileid="1" />
                <SequencePoint vc="0" uspid="88" ordinal="0" offset="946" sl="294" sc="0" el="294" ec="0" bec="0" bev="0" fileid="1" />
              </SequencePoints>
              <BranchPoints />
            </Method>
            <Method visited="false" cyclomaticComplexity="0" nPathComplexity="0" sequenceCoverage="0.0" branchCoverage="0" crapScore="0" isConstructor="false" isStatic="false" isGetter="false" isSetter="false">
              <Summary numSequencePoints="9" visitedSequencePoints="0" numBranchPoints="0" visitedBranchPoints="0" sequenceCoverage="0.0" branchCoverage="0" maxCyclomaticComplexity="0" minCyclomaticComplexity="0" maxCrapScore="0" minCrapScore="0" visitedClasses="0" numClasses="0" visitedMethods="0" numMethods="1" />
              <MetadataToken>100663303</MetadataToken>
              <Name>UnityEngine.UIElements.VisualElement PT_PackageWelcomeWindow::BuildBanner()</Name>
              <FileRef uid="1" />
              <SequencePoints>
                <SequencePoint vc="0" uspid="89" ordinal="0" offset="0" sl="301" sc="0" el="301" ec="0" bec="0" bev="0" fileid="1" />
                <SequencePoint vc="0" uspid="90" ordinal="0" offset="6" sl="302" sc="0" el="302" ec="0" bec="0" bev="0" fileid="1" />
                <SequencePoint vc="0" uspid="91" ordinal="0" offset="27" sl="303" sc="0" el="303" ec="0" bec="0" bev="0" fileid="1" />
                <SequencePoint vc="0" uspid="92" ordinal="0" offset="44" sl="304" sc="0" el="304" ec="0" bec="0" bev="0" fileid="1" />
                <SequencePoint vc="0" uspid="93" ordinal="0" offset="65" sl="305" sc="0" el="305" ec="0" bec="0" bev="0" fileid="1" />
                <SequencePoint vc="0" uspid="94" ordinal="0" offset="73" sl="307" sc="0" el="307" ec="0" bec="0" bev="0" fileid="1" />
                <SequencePoint vc="0" uspid="95" ordinal="0" offset="86" sl="309" sc="0" el="309" ec="0" bec="0" bev="0" fileid="1" />
                <SequencePoint vc="0" uspid="96" ordinal="0" offset="107" sl="311" sc="0" el="311" ec="0" bec="0" bev="0" fileid="1" />
                <SequencePoint vc="0" uspid="97" ordinal="0" offset="129" sl="319" sc="0" el="319" ec="0" bec="0" bev="0" fileid="1" />
              </SequencePoints>
              <BranchPoints />
            </Method>
            <Method visited="false" cyclomaticComplexity="0" nPathComplexity="0" sequenceCoverage="0.0" branchCoverage="0" crapScore="0" isConstructor="false" isStatic="false" isGetter="false" isSetter="false">
              <Summary numSequencePoints="8" visitedSequencePoints="0" numBranchPoints="0" visitedBranchPoints="0" sequenceCoverage="0.0" branchCoverage="0" maxCyclomaticComplexity="0" minCyclomaticComplexity="0" maxCrapScore="0" minCrapScore="0" visitedClasses="0" numClasses="0" visitedMethods="0" numMethods="1" />
              <MetadataToken>100663304</MetadataToken>
              <Name>UnityEngine.UIElements.VisualElement PT_PackageWelcomeWindow::BuildDiscordGallery()</Name>
              <FileRef uid="1" />
              <SequencePoints>
                <SequencePoint vc="0" uspid="98" ordinal="0" offset="0" sl="324" sc="0" el="324" ec="0" bec="0" bev="0" fileid="1" />
                <SequencePoint vc="0" uspid="99" ordinal="0" offset="5" sl="325" sc="0" el="325" ec="0" bec="0" bev="0" fileid="1" />
                <SequencePoint vc="0" uspid="100" ordinal="0" offset="22" sl="326" sc="0" el="326" ec="0" bec="0" bev="0" fileid="1" />
                <SequencePoint vc="0" uspid="101" ordinal="0" offset="39" sl="327" sc="0" el="327" ec="0" bec="0" bev="0" fileid="1" />
                <SequencePoint vc="0" uspid="102" ordinal="0" offset="66" sl="328" sc="0" el="328" ec="0" bec="0" bev="0" fileid="1" />
                <SequencePoint vc="0" uspid="103" ordinal="0" offset="93" sl="329" sc="0" el="329" ec="0" bec="0" bev="0" fileid="1" />
                <SequencePoint vc="0" uspid="104" ordinal="0" offset="120" sl="330" sc="0" el="330" ec="0" bec="0" bev="0" fileid="1" />
                <SequencePoint vc="0" uspid="105" ordinal="0" offset="147" sl="331" sc="0" el="331" ec="0" bec="0" bev="0" fileid="1" />
              </SequencePoints>
              <BranchPoints />
            </Method>
            <Method visited="false" cyclomaticComplexity="0" nPathComplexity="0" sequenceCoverage="0.0" branchCoverage="0" crapScore="0" isConstructor="false" isStatic="false" isGetter="false" isSetter="false">
              <Summary numSequencePoints="47" visitedSequencePoints="0" numBranchPoints="0" visitedBranchPoints="0" sequenceCoverage="0.0" branchCoverage="0" maxCyclomaticComplexity="0" minCyclomaticComplexity="0" maxCrapScore="0" minCrapScore="0" visitedClasses="0" numClasses="0" visitedMethods="0" numMethods="1" />
              <MetadataToken>100663305</MetadataToken>
              <Name>System.Void PT_PackageWelcomeWindow::BuildGamesGallery(UnityEngine.UIElements.VisualElement)</Name>
              <FileRef uid="1" />
              <SequencePoints>
                <SequencePoint vc="0" uspid="106" ordinal="0" offset="0" sl="336" sc="0" el="336" ec="0" bec="0" bev="0" fileid="1" />
                <SequencePoint vc="0" uspid="107" ordinal="0" offset="5" sl="337" sc="0" el="337" ec="0" bec="0" bev="0" fileid="1" />
                <SequencePoint vc="0" uspid="108" ordinal="0" offset="31" sl="338" sc="0" el="338" ec="0" bec="0" bev="0" fileid="1" />
                <SequencePoint vc="0" uspid="109" ordinal="0" offset="39" sl="339" sc="0" el="339" ec="0" bec="0" bev="0" fileid="1" />
                <SequencePoint vc="0" uspid="110" ordinal="0" offset="52" sl="340" sc="0" el="340" ec="0" bec="0" bev="0" fileid="1" />
                <SequencePoint vc="0" uspid="111" ordinal="0" offset="60" sl="343" sc="0" el="343" ec="0" bec="0" bev="0" fileid="1" />
                <SequencePoint vc="0" uspid="112" ordinal="0" offset="67" sl="344" sc="0" el="344" ec="0" bec="0" bev="0" fileid="1" />
                <SequencePoint vc="0" uspid="113" ordinal="0" offset="96" sl="346" sc="0" el="346" ec="0" bec="0" bev="0" fileid="1" />
                <SequencePoint vc="0" uspid="114" ordinal="0" offset="139" sl="348" sc="0" el="348" ec="0" bec="0" bev="0" fileid="1" />
                <SequencePoint vc="0" uspid="115" ordinal="0" offset="156" sl="349" sc="0" el="349" ec="0" bec="0" bev="0" fileid="1" />
                <SequencePoint vc="0" uspid="116" ordinal="0" offset="174" sl="350" sc="0" el="350" ec="0" bec="0" bev="0" fileid="1" />
                <SequencePoint vc="0" uspid="117" ordinal="0" offset="181" sl="351" sc="0" el="351" ec="0" bec="0" bev="0" fileid="1" />
                <SequencePoint vc="0" uspid="118" ordinal="0" offset="199" sl="352" sc="0" el="352" ec="0" bec="0" bev="0" fileid="1" />
                <SequencePoint vc="0" uspid="119" ordinal="0" offset="217" sl="353" sc="0" el="353" ec="0" bec="0" bev="0" fileid="1" />
                <SequencePoint vc="0" uspid="120" ordinal="0" offset="252" sl="354" sc="0" el="354" ec="0" bec="0" bev="0" fileid="1" />
                <SequencePoint vc="0" uspid="121" ordinal="0" offset="270" sl="355" sc="0" el="355" ec="0" bec="0" bev="0" fileid="1" />
                <SequencePoint vc="0" uspid="122" ordinal="0" offset="305" sl="356" sc="0" el="356" ec="0" bec="0" bev="0" fileid="1" />
                <SequencePoint vc="0" uspid="123" ordinal="0" offset="314" sl="357" sc="0" el="357" ec="0" bec="0" bev="0" fileid="1" />
                <SequencePoint vc="0" uspid="124" ordinal="0" offset="332" sl="358" sc="0" el="358" ec="0" bec="0" bev="0" fileid="1" />
                <SequencePoint vc="0" uspid="125" ordinal="0" offset="340" sl="360" sc="0" el="360" ec="0" bec="0" bev="0" fileid="1" />
                <SequencePoint vc="0" uspid="126" ordinal="0" offset="357" sl="363" sc="0" el="363" ec="0" bec="0" bev="0" fileid="1" />
                <SequencePoint vc="0" uspid="127" ordinal="0" offset="364" sl="364" sc="0" el="364" ec="0" bec="0" bev="0" fileid="1" />
                <SequencePoint vc="0" uspid="128" ordinal="0" offset="393" sl="366" sc="0" el="366" ec="0" bec="0" bev="0" fileid="1" />
                <SequencePoint vc="0" uspid="129" ordinal="0" offset="436" sl="368" sc="0" el="368" ec="0" bec="0" bev="0" fileid="1" />
                <SequencePoint vc="0" uspid="130" ordinal="0" offset="453" sl="369" sc="0" el="369" ec="0" bec="0" bev="0" fileid="1" />
                <SequencePoint vc="0" uspid="131" ordinal="0" offset="471" sl="371" sc="0" el="371" ec="0" bec="0" bev="0" fileid="1" />
                <SequencePoint vc="0" uspid="132" ordinal="0" offset="478" sl="372" sc="0" el="372" ec="0" bec="0" bev="0" fileid="1" />
                <SequencePoint vc="0" uspid="133" ordinal="0" offset="496" sl="373" sc="0" el="373" ec="0" bec="0" bev="0" fileid="1" />
                <SequencePoint vc="0" uspid="134" ordinal="0" offset="514" sl="374" sc="0" el="374" ec="0" bec="0" bev="0" fileid="1" />
                <SequencePoint vc="0" uspid="135" ordinal="0" offset="549" sl="375" sc="0" el="375" ec="0" bec="0" bev="0" fileid="1" />
                <SequencePoint vc="0" uspid="136" ordinal="0" offset="567" sl="376" sc="0" el="376" ec="0" bec="0" bev="0" fileid="1" />
                <SequencePoint vc="0" uspid="137" ordinal="0" offset="602" sl="377" sc="0" el="377" ec="0" bec="0" bev="0" fileid="1" />
                <SequencePoint vc="0" uspid="138" ordinal="0" offset="620" sl="378" sc="0" el="378" ec="0" bec="0" bev="0" fileid="1" />
                <SequencePoint vc="0" uspid="139" ordinal="0" offset="655" sl="379" sc="0" el="379" ec="0" bec="0" bev="0" fileid="1" />
                <SequencePoint vc="0" uspid="140" ordinal="0" offset="664" sl="380" sc="0" el="380" ec="0" bec="0" bev="0" fileid="1" />
                <SequencePoint vc="0" uspid="141" ordinal="0" offset="682" sl="382" sc="0" el="382" ec="0" bec="0" bev="0" fileid="1" />
                <SequencePoint vc="0" uspid="142" ordinal="0" offset="689" sl="383" sc="0" el="383" ec="0" bec="0" bev="0" fileid="1" />
                <SequencePoint vc="0" uspid="143" ordinal="0" offset="707" sl="384" sc="0" el="384" ec="0" bec="0" bev="0" fileid="1" />
                <SequencePoint vc="0" uspid="144" ordinal="0" offset="725" sl="385" sc="0" el="385" ec="0" bec="0" bev="0" fileid="1" />
                <SequencePoint vc="0" uspid="145" ordinal="0" offset="760" sl="386" sc="0" el="386" ec="0" bec="0" bev="0" fileid="1" />
                <SequencePoint vc="0" uspid="146" ordinal="0" offset="778" sl="387" sc="0" el="387" ec="0" bec="0" bev="0" fileid="1" />
                <SequencePoint vc="0" uspid="147" ordinal="0" offset="813" sl="388" sc="0" el="388" ec="0" bec="0" bev="0" fileid="1" />
                <SequencePoint vc="0" uspid="148" ordinal="0" offset="831" sl="389" sc="0" el="389" ec="0" bec="0" bev="0" fileid="1" />
                <SequencePoint vc="0" uspid="149" ordinal="0" offset="866" sl="390" sc="0" el="390" ec="0" bec="0" bev="0" fileid="1" />
                <SequencePoint vc="0" uspid="150" ordinal="0" offset="875" sl="391" sc="0" el="391" ec="0" bec="0" bev="0" fileid="1" />
                <SequencePoint vc="0" uspid="151" ordinal="0" offset="893" sl="392" sc="0" el="392" ec="0" bec="0" bev="0" fileid="1" />
                <SequencePoint vc="0" uspid="152" ordinal="0" offset="901" sl="393" sc="0" el="393" ec="0" bec="0" bev="0" fileid="1" />
              </SequencePoints>
              <BranchPoints />
            </Method>
            <Method visited="false" cyclomaticComplexity="0" nPathComplexity="0" sequenceCoverage="0.0" branchCoverage="0" crapScore="0" isConstructor="false" isStatic="false" isGetter="false" isSetter="false">
              <Summary numSequencePoints="31" visitedSequencePoints="0" numBranchPoints="0" visitedBranchPoints="0" sequenceCoverage="0.0" branchCoverage="0" maxCyclomaticComplexity="0" minCyclomaticComplexity="0" maxCrapScore="0" minCrapScore="0" visitedClasses="0" numClasses="0" visitedMethods="0" numMethods="1" />
              <MetadataToken>100663306</MetadataToken>
              <Name>UnityEngine.UIElements.VisualElement PT_PackageWelcomeWindow::BuildCollapsibleSeparator(System.String, UnityEngine.UIElements.VisualElement, System.Func[Boolean], System.Action[Boolean])</Name>
              <FileRef uid="1" />
              <SequencePoints>
                <SequencePoint vc="0" uspid="153" ordinal="0" offset="28" sl="398" sc="0" el="398" ec="0" bec="0" bev="0" fileid="1" />
                <SequencePoint vc="0" uspid="154" ordinal="0" offset="39" sl="399" sc="0" el="399" ec="0" bec="0" bev="0" fileid="1" />
                <SequencePoint vc="0" uspid="155" ordinal="0" offset="61" sl="400" sc="0" el="400" ec="0" bec="0" bev="0" fileid="1" />
                <SequencePoint vc="0" uspid="156" ordinal="0" offset="83" sl="401" sc="0" el="401" ec="0" bec="0" bev="0" fileid="1" />
                <SequencePoint vc="0" uspid="157" ordinal="0" offset="109" sl="403" sc="0" el="403" ec="0" bec="0" bev="0" fileid="1" />
                <SequencePoint vc="0" uspid="158" ordinal="0" offset="115" sl="404" sc="0" el="404" ec="0" bec="0" bev="0" fileid="1" />
                <SequencePoint vc="0" uspid="159" ordinal="0" offset="136" sl="405" sc="0" el="405" ec="0" bec="0" bev="0" fileid="1" />
                <SequencePoint vc="0" uspid="160" ordinal="0" offset="157" sl="406" sc="0" el="406" ec="0" bec="0" bev="0" fileid="1" />
                <SequencePoint vc="0" uspid="161" ordinal="0" offset="198" sl="407" sc="0" el="407" ec="0" bec="0" bev="0" fileid="1" />
                <SequencePoint vc="0" uspid="162" ordinal="0" offset="219" sl="409" sc="0" el="409" ec="0" bec="0" bev="0" fileid="1" />
                <SequencePoint vc="0" uspid="163" ordinal="0" offset="226" sl="410" sc="0" el="410" ec="0" bec="0" bev="0" fileid="1" />
                <SequencePoint vc="0" uspid="164" ordinal="0" offset="243" sl="411" sc="0" el="411" ec="0" bec="0" bev="0" fileid="1" />
                <SequencePoint vc="0" uspid="165" ordinal="0" offset="260" sl="413" sc="0" el="413" ec="0" bec="0" bev="0" fileid="1" />
                <SequencePoint vc="0" uspid="166" ordinal="0" offset="266" sl="414" sc="0" el="414" ec="0" bec="0" bev="0" fileid="1" />
                <SequencePoint vc="0" uspid="167" ordinal="0" offset="287" sl="415" sc="0" el="415" ec="0" bec="0" bev="0" fileid="1" />
                <SequencePoint vc="0" uspid="168" ordinal="0" offset="308" sl="416" sc="0" el="416" ec="0" bec="0" bev="0" fileid="1" />
                <SequencePoint vc="0" uspid="169" ordinal="0" offset="349" sl="417" sc="0" el="417" ec="0" bec="0" bev="0" fileid="1" />
                <SequencePoint vc="0" uspid="170" ordinal="0" offset="370" sl="418" sc="0" el="418" ec="0" bec="0" bev="0" fileid="1" />
                <SequencePoint vc="0" uspid="171" ordinal="0" offset="391" sl="420" sc="0" el="420" ec="0" bec="0" bev="0" fileid="1" />
                <SequencePoint vc="0" uspid="172" ordinal="0" offset="427" sl="421" sc="0" el="421" ec="0" bec="0" bev="0" fileid="1" />
                <SequencePoint vc="0" uspid="173" ordinal="0" offset="473" sl="422" sc="0" el="422" ec="0" bec="0" bev="0" fileid="1" />
                <SequencePoint vc="0" uspid="174" ordinal="0" offset="499" sl="423" sc="0" el="423" ec="0" bec="0" bev="0" fileid="1" />
                <SequencePoint vc="0" uspid="175" ordinal="0" offset="521" sl="424" sc="0" el="424" ec="0" bec="0" bev="0" fileid="1" />
                <SequencePoint vc="0" uspid="176" ordinal="0" offset="547" sl="426" sc="0" el="426" ec="0" bec="0" bev="0" fileid="1" />
                <SequencePoint vc="0" uspid="177" ordinal="0" offset="559" sl="427" sc="0" el="427" ec="0" bec="0" bev="0" fileid="1" />
                <SequencePoint vc="0" uspid="178" ordinal="0" offset="571" sl="428" sc="0" el="428" ec="0" bec="0" bev="0" fileid="1" />
                <SequencePoint vc="0" uspid="179" ordinal="0" offset="583" sl="429" sc="0" el="429" ec="0" bec="0" bev="0" fileid="1" />
                <SequencePoint vc="0" uspid="180" ordinal="0" offset="600" sl="431" sc="0" el="431" ec="0" bec="0" bev="0" fileid="1" />
                <SequencePoint vc="0" uspid="181" ordinal="0" offset="624" sl="432" sc="0" el="432" ec="0" bec="0" bev="0" fileid="1" />
                <SequencePoint vc="0" uspid="182" ordinal="0" offset="648" sl="433" sc="0" el="433" ec="0" bec="0" bev="0" fileid="1" />
                <SequencePoint vc="0" uspid="183" ordinal="0" offset="672" sl="441" sc="0" el="441" ec="0" bec="0" bev="0" fileid="1" />
              </SequencePoints>
              <BranchPoints />
            </Method>
            <Method visited="false" cyclomaticComplexity="0" nPathComplexity="0" sequenceCoverage="0.0" branchCoverage="0" crapScore="0" isConstructor="false" isStatic="false" isGetter="false" isSetter="false">
              <Summary numSequencePoints="19" visitedSequencePoints="0" numBranchPoints="0" visitedBranchPoints="0" sequenceCoverage="0.0" branchCoverage="0" maxCyclomaticComplexity="0" minCyclomaticComplexity="0" maxCrapScore="0" minCrapScore="0" visitedClasses="0" numClasses="0" visitedMethods="0" numMethods="1" />
              <MetadataToken>100663307</MetadataToken>
              <Name>UnityEngine.UIElements.VisualElement PT_PackageWelcomeWindow::BuildPanel(System.Action[VisualElement])</Name>
              <FileRef uid="1" />
              <SequencePoints>
                <SequencePoint vc="0" uspid="184" ordinal="0" offset="0" sl="448" sc="0" el="448" ec="0" bec="0" bev="0" fileid="1" />
                <SequencePoint vc="0" uspid="185" ordinal="0" offset="60" sl="451" sc="0" el="451" ec="0" bec="0" bev="0" fileid="1" />
                <SequencePoint vc="0" uspid="186" ordinal="0" offset="120" sl="455" sc="0" el="455" ec="0" bec="0" bev="0" fileid="1" />
                <SequencePoint vc="0" uspid="187" ordinal="0" offset="126" sl="456" sc="0" el="456" ec="0" bec="0" bev="0" fileid="1" />
                <SequencePoint vc="0" uspid="188" ordinal="0" offset="143" sl="457" sc="0" el="457" ec="0" bec="0" bev="0" fileid="1" />
                <SequencePoint vc="0" uspid="189" ordinal="0" offset="164" sl="458" sc="0" el="458" ec="0" bec="0" bev="0" fileid="1" />
                <SequencePoint vc="0" uspid="190" ordinal="0" offset="185" sl="459" sc="0" el="459" ec="0" bec="0" bev="0" fileid="1" />
                <SequencePoint vc="0" uspid="191" ordinal="0" offset="206" sl="460" sc="0" el="460" ec="0" bec="0" bev="0" fileid="1" />
                <SequencePoint vc="0" uspid="192" ordinal="0" offset="227" sl="461" sc="0" el="461" ec="0" bec="0" bev="0" fileid="1" />
                <SequencePoint vc="0" uspid="193" ordinal="0" offset="248" sl="462" sc="0" el="462" ec="0" bec="0" bev="0" fileid="1" />
                <SequencePoint vc="0" uspid="194" ordinal="0" offset="269" sl="463" sc="0" el="463" ec="0" bec="0" bev="0" fileid="1" />
                <SequencePoint vc="0" uspid="195" ordinal="0" offset="290" sl="464" sc="0" el="464" ec="0" bec="0" bev="0" fileid="1" />
                <SequencePoint vc="0" uspid="196" ordinal="0" offset="311" sl="465" sc="0" el="465" ec="0" bec="0" bev="0" fileid="1" />
                <SequencePoint vc="0" uspid="197" ordinal="0" offset="328" sl="466" sc="0" el="466" ec="0" bec="0" bev="0" fileid="1" />
                <SequencePoint vc="0" uspid="198" ordinal="0" offset="345" sl="467" sc="0" el="467" ec="0" bec="0" bev="0" fileid="1" />
                <SequencePoint vc="0" uspid="199" ordinal="0" offset="362" sl="468" sc="0" el="468" ec="0" bec="0" bev="0" fileid="1" />
                <SequencePoint vc="0" uspid="200" ordinal="0" offset="379" sl="469" sc="0" el="469" ec="0" bec="0" bev="0" fileid="1" />
                <SequencePoint vc="0" uspid="201" ordinal="0" offset="386" sl="470" sc="0" el="470" ec="0" bec="0" bev="0" fileid="1" />
                <SequencePoint vc="0" uspid="202" ordinal="0" offset="393" sl="471" sc="0" el="471" ec="0" bec="0" bev="0" fileid="1" />
              </SequencePoints>
              <BranchPoints />
            </Method>
            <Method visited="false" cyclomaticComplexity="0" nPathComplexity="0" sequenceCoverage="0.0" branchCoverage="0" crapScore="0" isConstructor="false" isStatic="false" isGetter="false" isSetter="false">
              <Summary numSequencePoints="14" visitedSequencePoints="0" numBranchPoints="0" visitedBranchPoints="0" sequenceCoverage="0.0" branchCoverage="0" maxCyclomaticComplexity="0" minCyclomaticComplexity="0" maxCrapScore="0" minCrapScore="0" visitedClasses="0" numClasses="0" visitedMethods="0" numMethods="1" />
              <MetadataToken>100663308</MetadataToken>
              <Name>UnityEngine.UIElements.VisualElement PT_PackageWelcomeWindow::BuildLinkCard(System.String, System.String, System.String)</Name>
              <FileRef uid="1" />
              <SequencePoints>
                <SequencePoint vc="0" uspid="203" ordinal="0" offset="12" sl="476" sc="0" el="476" ec="0" bec="0" bev="0" fileid="1" />
                <SequencePoint vc="0" uspid="204" ordinal="0" offset="18" sl="477" sc="0" el="477" ec="0" bec="0" bev="0" fileid="1" />
                <SequencePoint vc="0" uspid="205" ordinal="0" offset="39" sl="478" sc="0" el="478" ec="0" bec="0" bev="0" fileid="1" />
                <SequencePoint vc="0" uspid="206" ordinal="0" offset="60" sl="480" sc="0" el="480" ec="0" bec="0" bev="0" fileid="1" />
                <SequencePoint vc="0" uspid="207" ordinal="0" offset="77" sl="481" sc="0" el="481" ec="0" bec="0" bev="0" fileid="1" />
                <SequencePoint vc="0" uspid="208" ordinal="0" offset="84" sl="482" sc="0" el="482" ec="0" bec="0" bev="0" fileid="1" />
                <SequencePoint vc="0" uspid="209" ordinal="0" offset="105" sl="483" sc="0" el="483" ec="0" bec="0" bev="0" fileid="1" />
                <SequencePoint vc="0" uspid="210" ordinal="0" offset="112" sl="484" sc="0" el="484" ec="0" bec="0" bev="0" fileid="1" />
                <SequencePoint vc="0" uspid="211" ordinal="0" offset="119" sl="486" sc="0" el="486" ec="0" bec="0" bev="0" fileid="1" />
                <SequencePoint vc="0" uspid="212" ordinal="0" offset="126" sl="487" sc="0" el="487" ec="0" bec="0" bev="0" fileid="1" />
                <SequencePoint vc="0" uspid="213" ordinal="0" offset="143" sl="488" sc="0" el="488" ec="0" bec="0" bev="0" fileid="1" />
                <SequencePoint vc="0" uspid="214" ordinal="0" offset="164" sl="489" sc="0" el="489" ec="0" bec="0" bev="0" fileid="1" />
                <SequencePoint vc="0" uspid="215" ordinal="0" offset="171" sl="491" sc="0" el="491" ec="0" bec="0" bev="0" fileid="1" />
                <SequencePoint vc="0" uspid="216" ordinal="0" offset="188" sl="492" sc="0" el="492" ec="0" bec="0" bev="0" fileid="1" />
              </SequencePoints>
              <BranchPoints />
            </Method>
            <Method visited="false" cyclomaticComplexity="0" nPathComplexity="0" sequenceCoverage="0.0" branchCoverage="0" crapScore="0" isConstructor="false" isStatic="false" isGetter="false" isSetter="false">
              <Summary numSequencePoints="38" visitedSequencePoints="0" numBranchPoints="0" visitedBranchPoints="0" sequenceCoverage="0.0" branchCoverage="0" maxCyclomaticComplexity="0" minCyclomaticComplexity="0" maxCrapScore="0" minCrapScore="0" visitedClasses="0" numClasses="0" visitedMethods="0" numMethods="1" />
              <MetadataToken>100663309</MetadataToken>
              <Name>UnityEngine.UIElements.VisualElement PT_PackageWelcomeWindow::BuildCard(UnityEngine.Texture2D, System.String, System.Single, System.Single, System.String, System.Single)</Name>
              <FileRef uid="1" />
              <SequencePoints>
                <SequencePoint vc="0" uspid="217" ordinal="0" offset="13" sl="498" sc="0" el="498" ec="0" bec="0" bev="0" fileid="1" />
                <SequencePoint vc="0" uspid="218" ordinal="0" offset="19" sl="499" sc="0" el="499" ec="0" bec="0" bev="0" fileid="1" />
                <SequencePoint vc="0" uspid="219" ordinal="0" offset="36" sl="500" sc="0" el="500" ec="0" bec="0" bev="0" fileid="1" />
                <SequencePoint vc="0" uspid="220" ordinal="0" offset="53" sl="501" sc="0" el="501" ec="0" bec="0" bev="0" fileid="1" />
                <SequencePoint vc="0" uspid="221" ordinal="0" offset="70" sl="503" sc="0" el="503" ec="0" bec="0" bev="0" fileid="1" />
                <SequencePoint vc="0" uspid="222" ordinal="0" offset="81" sl="504" sc="0" el="504" ec="0" bec="0" bev="0" fileid="1" />
                <SequencePoint vc="0" uspid="223" ordinal="0" offset="103" sl="505" sc="0" el="505" ec="0" bec="0" bev="0" fileid="1" />
                <SequencePoint vc="0" uspid="224" ordinal="0" offset="126" sl="506" sc="0" el="506" ec="0" bec="0" bev="0" fileid="1" />
                <SequencePoint vc="0" uspid="225" ordinal="0" offset="148" sl="507" sc="0" el="507" ec="0" bec="0" bev="0" fileid="1" />
                <SequencePoint vc="0" uspid="226" ordinal="0" offset="174" sl="508" sc="0" el="508" ec="0" bec="0" bev="0" fileid="1" />
                <SequencePoint vc="0" uspid="227" ordinal="0" offset="200" sl="509" sc="0" el="509" ec="0" bec="0" bev="0" fileid="1" />
                <SequencePoint vc="0" uspid="228" ordinal="0" offset="226" sl="510" sc="0" el="510" ec="0" bec="0" bev="0" fileid="1" />
                <SequencePoint vc="0" uspid="229" ordinal="0" offset="252" sl="511" sc="0" el="511" ec="0" bec="0" bev="0" fileid="1" />
                <SequencePoint vc="0" uspid="230" ordinal="0" offset="298" sl="512" sc="0" el="512" ec="0" bec="0" bev="0" fileid="1" />
                <SequencePoint vc="0" uspid="231" ordinal="0" offset="344" sl="513" sc="0" el="513" ec="0" bec="0" bev="0" fileid="1" />
                <SequencePoint vc="0" uspid="232" ordinal="0" offset="390" sl="514" sc="0" el="514" ec="0" bec="0" bev="0" fileid="1" />
                <SequencePoint vc="0" uspid="233" ordinal="0" offset="436" sl="515" sc="0" el="515" ec="0" bec="0" bev="0" fileid="1" />
                <SequencePoint vc="0" uspid="234" ordinal="0" offset="448" sl="517" sc="0" el="517" ec="0" bec="0" bev="0" fileid="1" />
                <SequencePoint vc="0" uspid="235" ordinal="0" offset="457" sl="519" sc="0" el="519" ec="0" bec="0" bev="0" fileid="1" />
                <SequencePoint vc="0" uspid="236" ordinal="0" offset="463" sl="520" sc="0" el="520" ec="0" bec="0" bev="0" fileid="1" />
                <SequencePoint vc="0" uspid="237" ordinal="0" offset="470" sl="521" sc="0" el="521" ec="0" bec="0" bev="0" fileid="1" />
                <SequencePoint vc="0" uspid="238" ordinal="0" offset="477" sl="522" sc="0" el="522" ec="0" bec="0" bev="0" fileid="1" />
                <SequencePoint vc="0" uspid="239" ordinal="0" offset="494" sl="523" sc="0" el="523" ec="0" bec="0" bev="0" fileid="1" />
                <SequencePoint vc="0" uspid="240" ordinal="0" offset="512" sl="524" sc="0" el="524" ec="0" bec="0" bev="0" fileid="1" />
                <SequencePoint vc="0" uspid="241" ordinal="0" offset="524" sl="527" sc="0" el="527" ec="0" bec="0" bev="0" fileid="1" />
                <SequencePoint vc="0" uspid="242" ordinal="0" offset="548" sl="528" sc="0" el="528" ec="0" bec="0" bev="0" fileid="1" />
                <SequencePoint vc="0" uspid="243" ordinal="0" offset="572" sl="529" sc="0" el="529" ec="0" bec="0" bev="0" fileid="1" />
                <SequencePoint vc="0" uspid="244" ordinal="0" offset="596" sl="531" sc="0" el="531" ec="0" bec="0" bev="0" fileid="1" />
                <SequencePoint vc="0" uspid="245" ordinal="0" offset="608" sl="533" sc="0" el="533" ec="0" bec="0" bev="0" fileid="1" />
                <SequencePoint vc="0" uspid="246" ordinal="0" offset="612" sl="535" sc="0" el="535" ec="0" bec="0" bev="0" fileid="1" />
                <SequencePoint vc="0" uspid="247" ordinal="0" offset="629" sl="536" sc="0" el="536" ec="0" bec="0" bev="0" fileid="1" />
                <SequencePoint vc="0" uspid="248" ordinal="0" offset="637" sl="537" sc="0" el="537" ec="0" bec="0" bev="0" fileid="1" />
                <SequencePoint vc="0" uspid="249" ordinal="0" offset="654" sl="538" sc="0" el="538" ec="0" bec="0" bev="0" fileid="1" />
                <SequencePoint vc="0" uspid="250" ordinal="0" offset="672" sl="539" sc="0" el="539" ec="0" bec="0" bev="0" fileid="1" />
                <SequencePoint vc="0" uspid="251" ordinal="0" offset="689" sl="540" sc="0" el="540" ec="0" bec="0" bev="0" fileid="1" />
                <SequencePoint vc="0" uspid="252" ordinal="0" offset="706" sl="541" sc="0" el="541" ec="0" bec="0" bev="0" fileid="1" />
                <SequencePoint vc="0" uspid="253" ordinal="0" offset="727" sl="542" sc="0" el="542" ec="0" bec="0" bev="0" fileid="1" />
                <SequencePoint vc="0" uspid="254" ordinal="0" offset="734" sl="545" sc="0" el="545" ec="0" bec="0" bev="0" fileid="1" />
              </SequencePoints>
              <BranchPoints />
            </Method>
            <Method visited="false" cyclomaticComplexity="0" nPathComplexity="0" sequenceCoverage="0.0" branchCoverage="0" crapScore="0" isConstructor="false" isStatic="true" isGetter="false" isSetter="false">
              <Summary numSequencePoints="12" visitedSequencePoints="0" numBranchPoints="0" visitedBranchPoints="0" sequenceCoverage="0.0" branchCoverage="0" maxCyclomaticComplexity="0" minCyclomaticComplexity="0" maxCrapScore="0" minCrapScore="0" visitedClasses="0" numClasses="0" visitedMethods="0" numMethods="1" />
              <MetadataToken>100663310</MetadataToken>
              <Name>static UnityEngine.UIElements.VisualElement PT_PackageWelcomeWindow::BuildSocialIcon(UnityEngine.Texture2D, System.String)</Name>
              <FileRef uid="1" />
              <SequencePoints>
                <SequencePoint vc="0" uspid="255" ordinal="0" offset="13" sl="550" sc="0" el="550" ec="0" bec="0" bev="0" fileid="1" />
                <SequencePoint vc="0" uspid="256" ordinal="0" offset="22" sl="550" sc="0" el="550" ec="0" bec="0" bev="0" fileid="1" />
                <SequencePoint vc="0" uspid="257" ordinal="0" offset="28" sl="552" sc="0" el="552" ec="0" bec="0" bev="0" fileid="1" />
                <SequencePoint vc="0" uspid="258" ordinal="0" offset="39" sl="553" sc="0" el="553" ec="0" bec="0" bev="0" fileid="1" />
                <SequencePoint vc="0" uspid="259" ordinal="0" offset="51" sl="554" sc="0" el="554" ec="0" bec="0" bev="0" fileid="1" />
                <SequencePoint vc="0" uspid="260" ordinal="0" offset="63" sl="555" sc="0" el="555" ec="0" bec="0" bev="0" fileid="1" />
                <SequencePoint vc="0" uspid="261" ordinal="0" offset="89" sl="556" sc="0" el="556" ec="0" bec="0" bev="0" fileid="1" />
                <SequencePoint vc="0" uspid="262" ordinal="0" offset="115" sl="557" sc="0" el="557" ec="0" bec="0" bev="0" fileid="1" />
                <SequencePoint vc="0" uspid="263" ordinal="0" offset="141" sl="558" sc="0" el="558" ec="0" bec="0" bev="0" fileid="1" />
                <SequencePoint vc="0" uspid="264" ordinal="0" offset="165" sl="559" sc="0" el="559" ec="0" bec="0" bev="0" fileid="1" />
                <SequencePoint vc="0" uspid="265" ordinal="0" offset="189" sl="560" sc="0" el="560" ec="0" bec="0" bev="0" fileid="1" />
                <SequencePoint vc="0" uspid="266" ordinal="0" offset="213" sl="561" sc="0" el="561" ec="0" bec="0" bev="0" fileid="1" />
              </SequencePoints>
              <BranchPoints />
            </Method>
            <Method visited="false" cyclomaticComplexity="0" nPathComplexity="0" sequenceCoverage="0.0" branchCoverage="0" crapScore="0" isConstructor="false" isStatic="true" isGetter="false" isSetter="false">
              <Summary numSequencePoints="5" visitedSequencePoints="0" numBranchPoints="0" visitedBranchPoints="0" sequenceCoverage="0.0" branchCoverage="0" maxCyclomaticComplexity="0" minCyclomaticComplexity="0" maxCrapScore="0" minCrapScore="0" visitedClasses="0" numClasses="0" visitedMethods="0" numMethods="1" />
              <MetadataToken>100663311</MetadataToken>
              <Name>static UnityEngine.UIElements.Label PT_PackageWelcomeWindow::SectionTitle(System.String)</Name>
              <FileRef uid="1" />
              <SequencePoints>
                <SequencePoint vc="0" uspid="267" ordinal="0" offset="0" sl="568" sc="0" el="568" ec="0" bec="0" bev="0" fileid="1" />
                <SequencePoint vc="0" uspid="268" ordinal="0" offset="6" sl="569" sc="0" el="569" ec="0" bec="0" bev="0" fileid="1" />
                <SequencePoint vc="0" uspid="269" ordinal="0" offset="23" sl="570" sc="0" el="570" ec="0" bec="0" bev="0" fileid="1" />
                <SequencePoint vc="0" uspid="270" ordinal="0" offset="40" sl="571" sc="0" el="571" ec="0" bec="0" bev="0" fileid="1" />
                <SequencePoint vc="0" uspid="271" ordinal="0" offset="61" sl="572" sc="0" el="572" ec="0" bec="0" bev="0" fileid="1" />
              </SequencePoints>
              <BranchPoints />
            </Method>
            <Method visited="false" cyclomaticComplexity="0" nPathComplexity="0" sequenceCoverage="0.0" branchCoverage="0" crapScore="0" isConstructor="false" isStatic="true" isGetter="false" isSetter="false">
              <Summary numSequencePoints="4" visitedSequencePoints="0" numBranchPoints="0" visitedBranchPoints="0" sequenceCoverage="0.0" branchCoverage="0" maxCyclomaticComplexity="0" minCyclomaticComplexity="0" maxCrapScore="0" minCrapScore="0" visitedClasses="0" numClasses="0" visitedMethods="0" numMethods="1" />
              <MetadataToken>100663312</MetadataToken>
              <Name>static UnityEngine.UIElements.Label PT_PackageWelcomeWindow::SectionDesc(System.String)</Name>
              <FileRef uid="1" />
              <SequencePoints>
                <SequencePoint vc="0" uspid="272" ordinal="0" offset="0" sl="577" sc="0" el="577" ec="0" bec="0" bev="0" fileid="1" />
                <SequencePoint vc="0" uspid="273" ordinal="0" offset="6" sl="578" sc="0" el="578" ec="0" bec="0" bev="0" fileid="1" />
                <SequencePoint vc="0" uspid="274" ordinal="0" offset="23" sl="579" sc="0" el="579" ec="0" bec="0" bev="0" fileid="1" />
                <SequencePoint vc="0" uspid="275" ordinal="0" offset="44" sl="580" sc="0" el="580" ec="0" bec="0" bev="0" fileid="1" />
              </SequencePoints>
              <BranchPoints />
            </Method>
            <Method visited="false" cyclomaticComplexity="0" nPathComplexity="0" sequenceCoverage="0.0" branchCoverage="0" crapScore="0" isConstructor="false" isStatic="true" isGetter="false" isSetter="false">
              <Summary numSequencePoints="5" visitedSequencePoints="0" numBranchPoints="0" visitedBranchPoints="0" sequenceCoverage="0.0" branchCoverage="0" maxCyclomaticComplexity="0" minCyclomaticComplexity="0" maxCrapScore="0" minCrapScore="0" visitedClasses="0" numClasses="0" visitedMethods="0" numMethods="1" />
              <MetadataToken>100663313</MetadataToken>
              <Name>static UnityEngine.UIElements.VisualElement PT_PackageWelcomeWindow::Spacer(System.Single, System.Boolean)</Name>
              <FileRef uid="1" />
              <SequencePoints>
                <SequencePoint vc="0" uspid="276" ordinal="0" offset="0" sl="585" sc="0" el="585" ec="0" bec="0" bev="0" fileid="1" />
                <SequencePoint vc="0" uspid="277" ordinal="0" offset="6" sl="586" sc="0" el="586" ec="0" bec="0" bev="0" fileid="1" />
                <SequencePoint vc="0" uspid="278" ordinal="0" offset="9" sl="586" sc="0" el="586" ec="0" bec="0" bev="0" fileid="1" />
                <SequencePoint vc="0" uspid="279" ordinal="0" offset="28" sl="587" sc="0" el="587" ec="0" bec="0" bev="0" fileid="1" />
                <SequencePoint vc="0" uspid="280" ordinal="0" offset="45" sl="588" sc="0" el="588" ec="0" bec="0" bev="0" fileid="1" />
              </SequencePoints>
              <BranchPoints />
            </Method>
            <Method visited="false" cyclomaticComplexity="0" nPathComplexity="0" sequenceCoverage="0.0" branchCoverage="0" crapScore="0" isConstructor="false" isStatic="true" isGetter="false" isSetter="false">
              <Summary numSequencePoints="5" visitedSequencePoints="0" numBranchPoints="0" visitedBranchPoints="0" sequenceCoverage="0.0" branchCoverage="0" maxCyclomaticComplexity="0" minCyclomaticComplexity="0" maxCrapScore="0" minCrapScore="0" visitedClasses="0" numClasses="0" visitedMethods="0" numMethods="1" />
              <MetadataToken>100663314</MetadataToken>
              <Name>static System.Void PT_PackageWelcomeWindow::RoundCorners(UnityEngine.UIElements.VisualElement, System.Int32)</Name>
              <FileRef uid="1" />
              <SequencePoints>
                <SequencePoint vc="0" uspid="281" ordinal="0" offset="0" sl="593" sc="0" el="593" ec="0" bec="0" bev="0" fileid="1" />
                <SequencePoint vc="0" uspid="282" ordinal="0" offset="18" sl="594" sc="0" el="594" ec="0" bec="0" bev="0" fileid="1" />
                <SequencePoint vc="0" uspid="283" ordinal="0" offset="36" sl="595" sc="0" el="595" ec="0" bec="0" bev="0" fileid="1" />
                <SequencePoint vc="0" uspid="284" ordinal="0" offset="54" sl="596" sc="0" el="596" ec="0" bec="0" bev="0" fileid="1" />
                <SequencePoint vc="0" uspid="285" ordinal="0" offset="72" sl="597" sc="0" el="597" ec="0" bec="0" bev="0" fileid="1" />
              </SequencePoints>
              <BranchPoints />
            </Method>
            <Method visited="false" cyclomaticComplexity="0" nPathComplexity="0" sequenceCoverage="0.0" branchCoverage="0" crapScore="0" isConstructor="false" isStatic="false" isGetter="false" isSetter="false">
              <Summary numSequencePoints="5" visitedSequencePoints="0" numBranchPoints="0" visitedBranchPoints="0" sequenceCoverage="0.0" branchCoverage="0" maxCyclomaticComplexity="0" minCyclomaticComplexity="0" maxCrapScore="0" minCrapScore="0" visitedClasses="0" numClasses="0" visitedMethods="0" numMethods="1" />
              <MetadataToken>100663316</MetadataToken>
              <Name>System.Void PT_PackageWelcomeWindow::&lt;CreateGUI&gt;b__35_0(UnityEngine.UIElements.VisualElement)</Name>
              <FileRef uid="1" />
              <SequencePoints>
                <SequencePoint vc="0" uspid="286" ordinal="0" offset="0" sl="215" sc="0" el="215" ec="0" bec="0" bev="0" fileid="1" />
                <SequencePoint vc="0" uspid="287" ordinal="0" offset="16" sl="216" sc="0" el="216" ec="0" bec="0" bev="0" fileid="1" />
                <SequencePoint vc="0" uspid="288" ordinal="0" offset="32" sl="217" sc="0" el="217" ec="0" bec="0" bev="0" fileid="1" />
                <SequencePoint vc="0" uspid="289" ordinal="0" offset="49" sl="218" sc="0" el="218" ec="0" bec="0" bev="0" fileid="1" />
                <SequencePoint vc="0" uspid="290" ordinal="0" offset="61" sl="219" sc="0" el="219" ec="0" bec="0" bev="0" fileid="1" />
              </SequencePoints>
              <BranchPoints />
            </Method>
            <Method visited="false" cyclomaticComplexity="0" nPathComplexity="0" sequenceCoverage="0.0" branchCoverage="0" crapScore="0" isConstructor="false" isStatic="false" isGetter="false" isSetter="false">
              <Summary numSequencePoints="3" visitedSequencePoints="0" numBranchPoints="0" visitedBranchPoints="0" sequenceCoverage="0.0" branchCoverage="0" maxCyclomaticComplexity="0" minCyclomaticComplexity="0" maxCrapScore="0" minCrapScore="0" visitedClasses="0" numClasses="0" visitedMethods="0" numMethods="1" />
              <MetadataToken>100663317</MetadataToken>
              <Name>System.Void PT_PackageWelcomeWindow::&lt;CreateGUI&gt;b__35_1(UnityEngine.UIElements.VisualElement)</Name>
              <FileRef uid="1" />
              <SequencePoints>
                <SequencePoint vc="0" uspid="291" ordinal="0" offset="0" sl="226" sc="0" el="226" ec="0" bec="0" bev="0" fileid="1" />
                <SequencePoint vc="0" uspid="292" ordinal="0" offset="17" sl="227" sc="0" el="227" ec="0" bec="0" bev="0" fileid="1" />
                <SequencePoint vc="0" uspid="293" ordinal="0" offset="24" sl="228" sc="0" el="228" ec="0" bec="0" bev="0" fileid="1" />
              </SequencePoints>
              <BranchPoints />
            </Method>
            <Method visited="false" cyclomaticComplexity="0" nPathComplexity="0" sequenceCoverage="0.0" branchCoverage="0" crapScore="0" isConstructor="false" isStatic="false" isGetter="false" isSetter="false">
              <Summary numSequencePoints="11" visitedSequencePoints="0" numBranchPoints="0" visitedBranchPoints="0" sequenceCoverage="0.0" branchCoverage="0" maxCyclomaticComplexity="0" minCyclomaticComplexity="0" maxCrapScore="0" minCrapScore="0" visitedClasses="0" numClasses="0" visitedMethods="0" numMethods="1" />
              <MetadataToken>100663318</MetadataToken>
              <Name>System.Void PT_PackageWelcomeWindow::&lt;CreateGUI&gt;b__35_2(UnityEngine.UIElements.VisualElement)</Name>
              <FileRef uid="1" />
              <SequencePoints>
                <SequencePoint vc="0" uspid="294" ordinal="0" offset="0" sl="235" sc="0" el="235" ec="0" bec="0" bev="0" fileid="1" />
                <SequencePoint vc="0" uspid="295" ordinal="0" offset="16" sl="236" sc="0" el="236" ec="0" bec="0" bev="0" fileid="1" />
                <SequencePoint vc="0" uspid="296" ordinal="0" offset="33" sl="237" sc="0" el="237" ec="0" bec="0" bev="0" fileid="1" />
                <SequencePoint vc="0" uspid="297" ordinal="0" offset="39" sl="238" sc="0" el="238" ec="0" bec="0" bev="0" fileid="1" />
                <SequencePoint vc="0" uspid="298" ordinal="0" offset="56" sl="239" sc="0" el="239" ec="0" bec="0" bev="0" fileid="1" />
                <SequencePoint vc="0" uspid="299" ordinal="0" offset="73" sl="240" sc="0" el="240" ec="0" bec="0" bev="0" fileid="1" />
                <SequencePoint vc="0" uspid="300" ordinal="0" offset="100" sl="242" sc="0" el="242" ec="0" bec="0" bev="0" fileid="1" />
                <SequencePoint vc="0" uspid="301" ordinal="0" offset="127" sl="244" sc="0" el="244" ec="0" bec="0" bev="0" fileid="1" />
                <SequencePoint vc="0" uspid="302" ordinal="0" offset="154" sl="246" sc="0" el="246" ec="0" bec="0" bev="0" fileid="1" />
                <SequencePoint vc="0" uspid="303" ordinal="0" offset="181" sl="248" sc="0" el="248" ec="0" bec="0" bev="0" fileid="1" />
                <SequencePoint vc="0" uspid="304" ordinal="0" offset="188" sl="249" sc="0" el="249" ec="0" bec="0" bev="0" fileid="1" />
              </SequencePoints>
              <BranchPoints />
            </Method>
            <Method visited="false" cyclomaticComplexity="0" nPathComplexity="0" sequenceCoverage="0.0" branchCoverage="0" crapScore="0" isConstructor="false" isStatic="false" isGetter="false" isSetter="false">
              <Summary numSequencePoints="1" visitedSequencePoints="0" numBranchPoints="0" visitedBranchPoints="0" sequenceCoverage="0.0" branchCoverage="0" maxCyclomaticComplexity="0" minCyclomaticComplexity="0" maxCrapScore="0" minCrapScore="0" visitedClasses="0" numClasses="0" visitedMethods="0" numMethods="1" />
              <MetadataToken>100663319</MetadataToken>
              <Name>System.Void PT_PackageWelcomeWindow::&lt;CreateGUI&gt;b__35_4(UnityEngine.UIElements.ChangeEvent[Boolean])</Name>
              <FileRef uid="1" />
              <SequencePoints>
                <SequencePoint vc="0" uspid="305" ordinal="0" offset="0" sl="275" sc="0" el="275" ec="0" bec="0" bev="0" fileid="1" />
              </SequencePoints>
              <BranchPoints />
            </Method>
            <Method visited="false" cyclomaticComplexity="0" nPathComplexity="0" sequenceCoverage="0.0" branchCoverage="0" crapScore="0" isConstructor="false" isStatic="false" isGetter="false" isSetter="false">
              <Summary numSequencePoints="3" visitedSequencePoints="0" numBranchPoints="0" visitedBranchPoints="0" sequenceCoverage="0.0" branchCoverage="0" maxCyclomaticComplexity="0" minCyclomaticComplexity="0" maxCrapScore="0" minCrapScore="0" visitedClasses="0" numClasses="0" visitedMethods="0" numMethods="1" />
              <MetadataToken>100663320</MetadataToken>
              <Name>System.Void PT_PackageWelcomeWindow::&lt;CreateGUI&gt;b__35_5()</Name>
              <FileRef uid="1" />
              <SequencePoints>
                <SequencePoint vc="0" uspid="306" ordinal="0" offset="0" sl="285" sc="0" el="285" ec="0" bec="0" bev="0" fileid="1" />
                <SequencePoint vc="0" uspid="307" ordinal="0" offset="16" sl="286" sc="0" el="286" ec="0" bec="0" bev="0" fileid="1" />
                <SequencePoint vc="0" uspid="308" ordinal="0" offset="22" sl="287" sc="0" el="287" ec="0" bec="0" bev="0" fileid="1" />
              </SequencePoints>
              <BranchPoints />
            </Method>
            <Method visited="false" cyclomaticComplexity="0" nPathComplexity="0" sequenceCoverage="0.0" branchCoverage="0" crapScore="0" isConstructor="false" isStatic="false" isGetter="false" isSetter="false">
              <Summary numSequencePoints="1" visitedSequencePoints="0" numBranchPoints="0" visitedBranchPoints="0" sequenceCoverage="0.0" branchCoverage="0" maxCyclomaticComplexity="0" minCyclomaticComplexity="0" maxCrapScore="0" minCrapScore="0" visitedClasses="0" numClasses="0" visitedMethods="0" numMethods="1" />
              <MetadataToken>100663321</MetadataToken>
              <Name>System.Boolean PT_PackageWelcomeWindow::&lt;BuildGamesGallery&gt;b__38_0()</Name>
              <FileRef uid="1" />
              <SequencePoints>
                <SequencePoint vc="0" uspid="309" ordinal="0" offset="0" sl="346" sc="0" el="346" ec="0" bec="0" bev="0" fileid="1" />
              </SequencePoints>
              <BranchPoints />
            </Method>
            <Method visited="false" cyclomaticComplexity="0" nPathComplexity="0" sequenceCoverage="0.0" branchCoverage="0" crapScore="0" isConstructor="false" isStatic="false" isGetter="false" isSetter="false">
              <Summary numSequencePoints="1" visitedSequencePoints="0" numBranchPoints="0" visitedBranchPoints="0" sequenceCoverage="0.0" branchCoverage="0" maxCyclomaticComplexity="0" minCyclomaticComplexity="0" maxCrapScore="0" minCrapScore="0" visitedClasses="0" numClasses="0" visitedMethods="0" numMethods="1" />
              <MetadataToken>100663322</MetadataToken>
              <Name>System.Void PT_PackageWelcomeWindow::&lt;BuildGamesGallery&gt;b__38_1(System.Boolean)</Name>
              <FileRef uid="1" />
              <SequencePoints>
                <SequencePoint vc="0" uspid="310" ordinal="0" offset="0" sl="346" sc="0" el="346" ec="0" bec="0" bev="0" fileid="1" />
              </SequencePoints>
              <BranchPoints />
            </Method>
            <Method visited="false" cyclomaticComplexity="0" nPathComplexity="0" sequenceCoverage="0.0" branchCoverage="0" crapScore="0" isConstructor="false" isStatic="false" isGetter="false" isSetter="false">
              <Summary numSequencePoints="1" visitedSequencePoints="0" numBranchPoints="0" visitedBranchPoints="0" sequenceCoverage="0.0" branchCoverage="0" maxCyclomaticComplexity="0" minCyclomaticComplexity="0" maxCrapScore="0" minCrapScore="0" visitedClasses="0" numClasses="0" visitedMethods="0" numMethods="1" />
              <MetadataToken>100663323</MetadataToken>
              <Name>System.Boolean PT_PackageWelcomeWindow::&lt;BuildGamesGallery&gt;b__38_2()</Name>
              <FileRef uid="1" />
              <SequencePoints>
                <SequencePoint vc="0" uspid="311" ordinal="0" offset="0" sl="366" sc="0" el="366" ec="0" bec="0" bev="0" fileid="1" />
              </SequencePoints>
              <BranchPoints />
            </Method>
            <Method visited="false" cyclomaticComplexity="0" nPathComplexity="0" sequenceCoverage="0.0" branchCoverage="0" crapScore="0" isConstructor="false" isStatic="false" isGetter="false" isSetter="false">
              <Summary numSequencePoints="1" visitedSequencePoints="0" numBranchPoints="0" visitedBranchPoints="0" sequenceCoverage="0.0" branchCoverage="0" maxCyclomaticComplexity="0" minCyclomaticComplexity="0" maxCrapScore="0" minCrapScore="0" visitedClasses="0" numClasses="0" visitedMethods="0" numMethods="1" />
              <MetadataToken>100663324</MetadataToken>
              <Name>System.Void PT_PackageWelcomeWindow::&lt;BuildGamesGallery&gt;b__38_3(System.Boolean)</Name>
              <FileRef uid="1" />
              <SequencePoints>
                <SequencePoint vc="0" uspid="312" ordinal="0" offset="0" sl="366" sc="0" el="366" ec="0" bec="0" bev="0" fileid="1" />
              </SequencePoints>
              <BranchPoints />
            </Method>
            <Method visited="false" cyclomaticComplexity="0" nPathComplexity="0" sequenceCoverage="0.0" branchCoverage="0" crapScore="0" isConstructor="true" isStatic="false" isGetter="false" isSetter="false">
              <Summary numSequencePoints="1" visitedSequencePoints="0" numBranchPoints="0" visitedBranchPoints="0" sequenceCoverage="0.0" branchCoverage="0" maxCyclomaticComplexity="0" minCyclomaticComplexity="0" maxCrapScore="0" minCrapScore="0" visitedClasses="0" numClasses="0" visitedMethods="0" numMethods="1" />
              <MetadataToken>100663315</MetadataToken>
              <Name>PT_PackageWelcomeWindow::PT_PackageWelcomeWindow()</Name>
              <FileRef uid="1" />
              <SequencePoints>
                <SequencePoint vc="0" uspid="313" ordinal="0" offset="0" sl="28" sc="0" el="28" ec="0" bec="0" bev="0" fileid="1" />
              </SequencePoints>
              <BranchPoints />
            </Method>
          </Methods>
        </Class>
        <Class>
          <Summary numSequencePoints="99" visitedSequencePoints="0" numBranchPoints="0" visitedBranchPoints="0" sequenceCoverage="0.0" branchCoverage="0.0" maxCyclomaticComplexity="0" minCyclomaticComplexity="0" maxCrapScore="0" minCrapScore="0" visitedClasses="0" numClasses="1" visitedMethods="0" numMethods="14" />
          <FullName>ReadmeEditor</FullName>
          <Methods>
            <Method visited="false" cyclomaticComplexity="0" nPathComplexity="0" sequenceCoverage="0.0" branchCoverage="0" crapScore="0" isConstructor="false" isStatic="true" isGetter="false" isSetter="false">
              <Summary numSequencePoints="12" visitedSequencePoints="0" numBranchPoints="0" visitedBranchPoints="0" sequenceCoverage="0.0" branchCoverage="0" maxCyclomaticComplexity="0" minCyclomaticComplexity="0" maxCrapScore="0" minCrapScore="0" visitedClasses="0" numClasses="0" visitedMethods="0" numMethods="1" />
              <MetadataToken>100663326</MetadataToken>
              <Name>static System.Void ReadmeEditor::RemoveTutorial()</Name>
              <FileRef uid="2" />
              <SequencePoints>
                <SequencePoint vc="0" uspid="314" ordinal="0" offset="0" sl="26" sc="0" el="26" ec="0" bec="0" bev="0" fileid="2" />
                <SequencePoint vc="0" uspid="315" ordinal="0" offset="42" sl="32" sc="0" el="32" ec="0" bec="0" bev="0" fileid="2" />
                <SequencePoint vc="0" uspid="316" ordinal="0" offset="54" sl="34" sc="0" el="34" ec="0" bec="0" bev="0" fileid="2" />
                <SequencePoint vc="0" uspid="317" ordinal="0" offset="65" sl="35" sc="0" el="35" ec="0" bec="0" bev="0" fileid="2" />
                <SequencePoint vc="0" uspid="318" ordinal="0" offset="88" sl="39" sc="0" el="39" ec="0" bec="0" bev="0" fileid="2" />
                <SequencePoint vc="0" uspid="319" ordinal="0" offset="108" sl="42" sc="0" el="42" ec="0" bec="0" bev="0" fileid="2" />
                <SequencePoint vc="0" uspid="320" ordinal="0" offset="114" sl="43" sc="0" el="43" ec="0" bec="0" bev="0" fileid="2" />
                <SequencePoint vc="0" uspid="321" ordinal="0" offset="123" sl="45" sc="0" el="45" ec="0" bec="0" bev="0" fileid="2" />
                <SequencePoint vc="0" uspid="322" ordinal="0" offset="129" sl="46" sc="0" el="46" ec="0" bec="0" bev="0" fileid="2" />
                <SequencePoint vc="0" uspid="323" ordinal="0" offset="146" sl="47" sc="0" el="47" ec="0" bec="0" bev="0" fileid="2" />
                <SequencePoint vc="0" uspid="324" ordinal="0" offset="152" sl="50" sc="0" el="50" ec="0" bec="0" bev="0" fileid="2" />
                <SequencePoint vc="0" uspid="325" ordinal="0" offset="157" sl="52" sc="0" el="52" ec="0" bec="0" bev="0" fileid="2" />
              </SequencePoints>
              <BranchPoints />
            </Method>
            <Method visited="false" cyclomaticComplexity="0" nPathComplexity="0" sequenceCoverage="0.0" branchCoverage="0" crapScore="0" isConstructor="false" isStatic="true" isGetter="false" isSetter="false">
              <Summary numSequencePoints="7" visitedSequencePoints="0" numBranchPoints="0" visitedBranchPoints="0" sequenceCoverage="0.0" branchCoverage="0" maxCyclomaticComplexity="0" minCyclomaticComplexity="0" maxCrapScore="0" minCrapScore="0" visitedClasses="0" numClasses="0" visitedMethods="0" numMethods="1" />
              <MetadataToken>100663327</MetadataToken>
              <Name>static System.Void ReadmeEditor::SelectReadmeAutomatically()</Name>
              <FileRef uid="2" />
              <SequencePoints>
                <SequencePoint vc="0" uspid="326" ordinal="0" offset="0" sl="56" sc="9" el="56" ec="9" bec="0" bev="0" fileid="2" />
                <SequencePoint vc="0" uspid="327" ordinal="0" offset="13" sl="58" sc="13" el="58" ec="13" bec="0" bev="0" fileid="2" />
                <SequencePoint vc="0" uspid="328" ordinal="0" offset="19" sl="59" sc="13" el="59" ec="13" bec="0" bev="0" fileid="2" />
                <SequencePoint vc="0" uspid="329" ordinal="0" offset="30" sl="61" sc="13" el="61" ec="13" bec="0" bev="0" fileid="2" />
                <SequencePoint vc="0" uspid="330" ordinal="0" offset="46" sl="63" sc="17" el="63" ec="17" bec="0" bev="0" fileid="2" />
                <SequencePoint vc="0" uspid="331" ordinal="0" offset="51" sl="64" sc="17" el="64" ec="17" bec="0" bev="0" fileid="2" />
                <SequencePoint vc="0" uspid="332" ordinal="0" offset="58" sl="67" sc="5" el="67" ec="5" bec="0" bev="0" fileid="2" />
              </SequencePoints>
              <BranchPoints />
            </Method>
            <Method visited="false" cyclomaticComplexity="0" nPathComplexity="0" sequenceCoverage="0.0" branchCoverage="0" crapScore="0" isConstructor="false" isStatic="true" isGetter="false" isSetter="false">
              <Summary numSequencePoints="5" visitedSequencePoints="0" numBranchPoints="0" visitedBranchPoints="0" sequenceCoverage="0.0" branchCoverage="0" maxCyclomaticComplexity="0" minCyclomaticComplexity="0" maxCrapScore="0" minCrapScore="0" visitedClasses="0" numClasses="0" visitedMethods="0" numMethods="1" />
              <MetadataToken>100663328</MetadataToken>
              <Name>static System.Void ReadmeEditor::LoadLayout()</Name>
              <FileRef uid="2" />
              <SequencePoints>
                <SequencePoint vc="0" uspid="333" ordinal="0" offset="0" sl="71" sc="0" el="71" ec="0" bec="0" bev="0" fileid="2" />
                <SequencePoint vc="0" uspid="334" ordinal="0" offset="15" sl="72" sc="0" el="72" ec="0" bec="0" bev="0" fileid="2" />
                <SequencePoint vc="0" uspid="335" ordinal="0" offset="26" sl="73" sc="0" el="73" ec="0" bec="0" bev="0" fileid="2" />
                <SequencePoint vc="0" uspid="336" ordinal="0" offset="38" sl="74" sc="0" el="74" ec="0" bec="0" bev="0" fileid="2" />
                <SequencePoint vc="0" uspid="337" ordinal="0" offset="78" sl="75" sc="0" el="75" ec="0" bec="0" bev="0" fileid="2" />
              </SequencePoints>
              <BranchPoints />
            </Method>
            <Method visited="false" cyclomaticComplexity="0" nPathComplexity="0" sequenceCoverage="0.0" branchCoverage="0" crapScore="0" isConstructor="false" isStatic="true" isGetter="false" isSetter="false">
              <Summary numSequencePoints="7" visitedSequencePoints="0" numBranchPoints="0" visitedBranchPoints="0" sequenceCoverage="0.0" branchCoverage="0" maxCyclomaticComplexity="0" minCyclomaticComplexity="0" maxCrapScore="0" minCrapScore="0" visitedClasses="0" numClasses="0" visitedMethods="0" numMethods="1" />
              <MetadataToken>100663329</MetadataToken>
              <Name>static Readme ReadmeEditor::SelectReadme()</Name>
              <FileRef uid="2" />
              <SequencePoints>
                <SequencePoint vc="0" uspid="338" ordinal="0" offset="0" sl="79" sc="0" el="79" ec="0" bec="0" bev="0" fileid="2" />
                <SequencePoint vc="0" uspid="339" ordinal="0" offset="11" sl="80" sc="0" el="80" ec="0" bec="0" bev="0" fileid="2" />
                <SequencePoint vc="0" uspid="340" ordinal="0" offset="17" sl="82" sc="0" el="82" ec="0" bec="0" bev="0" fileid="2" />
                <SequencePoint vc="0" uspid="341" ordinal="0" offset="31" sl="84" sc="0" el="84" ec="0" bec="0" bev="0" fileid="2" />
                <SequencePoint vc="0" uspid="342" ordinal="0" offset="46" sl="86" sc="0" el="86" ec="0" bec="0" bev="0" fileid="2" />
                <SequencePoint vc="0" uspid="343" ordinal="0" offset="53" sl="90" sc="0" el="90" ec="0" bec="0" bev="0" fileid="2" />
                <SequencePoint vc="0" uspid="344" ordinal="0" offset="63" sl="91" sc="0" el="91" ec="0" bec="0" bev="0" fileid="2" />
              </SequencePoints>
              <BranchPoints />
            </Method>
            <Method visited="false" cyclomaticComplexity="0" nPathComplexity="0" sequenceCoverage="0.0" branchCoverage="0" crapScore="0" isConstructor="false" isStatic="false" isGetter="false" isSetter="false">
              <Summary numSequencePoints="16" visitedSequencePoints="0" numBranchPoints="0" visitedBranchPoints="0" sequenceCoverage="0.0" branchCoverage="0" maxCyclomaticComplexity="0" minCyclomaticComplexity="0" maxCrapScore="0" minCrapScore="0" visitedClasses="0" numClasses="0" visitedMethods="0" numMethods="1" />
              <MetadataToken>100663330</MetadataToken>
              <Name>System.Void ReadmeEditor::OnHeaderGUI()</Name>
              <FileRef uid="2" />
              <SequencePoints>
                <SequencePoint vc="0" uspid="345" ordinal="0" offset="0" sl="97" sc="0" el="97" ec="0" bec="0" bev="0" fileid="2" />
                <SequencePoint vc="0" uspid="346" ordinal="0" offset="12" sl="98" sc="0" el="98" ec="0" bec="0" bev="0" fileid="2" />
                <SequencePoint vc="0" uspid="347" ordinal="0" offset="18" sl="100" sc="0" el="100" ec="0" bec="0" bev="0" fileid="2" />
                <SequencePoint vc="0" uspid="348" ordinal="0" offset="46" sl="102" sc="0" el="102" ec="0" bec="0" bev="0" fileid="2" />
                <SequencePoint vc="0" uspid="349" ordinal="0" offset="66" sl="104" sc="0" el="104" ec="0" bec="0" bev="0" fileid="2" />
                <SequencePoint vc="0" uspid="350" ordinal="0" offset="80" sl="106" sc="0" el="106" ec="0" bec="0" bev="0" fileid="2" />
                <SequencePoint vc="0" uspid="351" ordinal="0" offset="90" sl="107" sc="0" el="107" ec="0" bec="0" bev="0" fileid="2" />
                <SequencePoint vc="0" uspid="352" ordinal="0" offset="125" sl="109" sc="0" el="109" ec="0" bec="0" bev="0" fileid="2" />
                <SequencePoint vc="0" uspid="353" ordinal="0" offset="135" sl="110" sc="0" el="110" ec="0" bec="0" bev="0" fileid="2" />
                <SequencePoint vc="0" uspid="354" ordinal="0" offset="145" sl="113" sc="0" el="113" ec="0" bec="0" bev="0" fileid="2" />
                <SequencePoint vc="0" uspid="355" ordinal="0" offset="150" sl="114" sc="0" el="114" ec="0" bec="0" bev="0" fileid="2" />
                <SequencePoint vc="0" uspid="356" ordinal="0" offset="172" sl="115" sc="0" el="115" ec="0" bec="0" bev="0" fileid="2" />
                <SequencePoint vc="0" uspid="357" ordinal="0" offset="177" sl="117" sc="0" el="117" ec="0" bec="0" bev="0" fileid="2" />
                <SequencePoint vc="0" uspid="358" ordinal="0" offset="182" sl="118" sc="0" el="118" ec="0" bec="0" bev="0" fileid="2" />
                <SequencePoint vc="0" uspid="359" ordinal="0" offset="187" sl="120" sc="0" el="120" ec="0" bec="0" bev="0" fileid="2" />
                <SequencePoint vc="0" uspid="360" ordinal="0" offset="192" sl="121" sc="0" el="121" ec="0" bec="0" bev="0" fileid="2" />
              </SequencePoints>
              <BranchPoints />
            </Method>
            <Method visited="false" cyclomaticComplexity="0" nPathComplexity="0" sequenceCoverage="0.0" branchCoverage="0" crapScore="0" isConstructor="false" isStatic="false" isGetter="false" isSetter="false">
              <Summary numSequencePoints="16" visitedSequencePoints="0" numBranchPoints="0" visitedBranchPoints="0" sequenceCoverage="0.0" branchCoverage="0" maxCyclomaticComplexity="0" minCyclomaticComplexity="0" maxCrapScore="0" minCrapScore="0" visitedClasses="0" numClasses="0" visitedMethods="0" numMethods="1" />
              <MetadataToken>100663331</MetadataToken>
              <Name>System.Void ReadmeEditor::OnInspectorGUI()</Name>
              <FileRef uid="2" />
              <SequencePoints>
                <SequencePoint vc="0" uspid="361" ordinal="0" offset="0" sl="125" sc="0" el="125" ec="0" bec="0" bev="0" fileid="2" />
[...]
                <SequencePoint vc="0" uspid="3502" ordinal="0" offset="51" sl="78" sc="0" el="78" ec="0" bec="0" bev="0" fileid="68" />
                <SequencePoint vc="0" uspid="3503" ordinal="0" offset="57" sl="80" sc="0" el="80" ec="0" bec="0" bev="0" fileid="68" />
                <SequencePoint vc="0" uspid="3504" ordinal="0" offset="72" sl="83" sc="0" el="83" ec="0" bec="0" bev="0" fileid="68" />
              </SequencePoints>
              <BranchPoints />
            </Method>
          </Methods>
        </Class>
        <Class>
          <Summary numSequencePoints="5" visitedSequencePoints="0" numBranchPoints="0" visitedBranchPoints="0" sequenceCoverage="0.0" branchCoverage="0.0" maxCyclomaticComplexity="0" minCyclomaticComplexity="0" maxCrapScore="0" minCrapScore="0" visitedClasses="0" numClasses="1" visitedMethods="0" numMethods="1" />
          <FullName>Lab6Tests/&lt;Hotbar_ShouldContainUIElements&gt;d__5</FullName>
          <Methods>
            <Method visited="false" cyclomaticComplexity="0" nPathComplexity="0" sequenceCoverage="0.0" branchCoverage="0" crapScore="0" isConstructor="false" isStatic="false" isGetter="false" isSetter="false">
              <Summary numSequencePoints="5" visitedSequencePoints="0" numBranchPoints="0" visitedBranchPoints="0" sequenceCoverage="0.0" branchCoverage="0" maxCyclomaticComplexity="0" minCyclomaticComplexity="0" maxCrapScore="0" minCrapScore="0" visitedClasses="0" numClasses="0" visitedMethods="0" numMethods="1" />
              <MetadataToken>100663427</MetadataToken>
              <Name>System.Boolean Lab6Tests/&lt;Hotbar_ShouldContainUIElements&gt;d__5::MoveNext()</Name>
              <FileRef uid="68" />
              <SequencePoints>
                <SequencePoint vc="0" uspid="3505" ordinal="0" offset="23" sl="88" sc="0" el="88" ec="0" bec="0" bev="0" fileid="68" />
                <SequencePoint vc="0" uspid="3506" ordinal="0" offset="46" sl="90" sc="0" el="90" ec="0" bec="0" bev="0" fileid="68" />
                <SequencePoint vc="0" uspid="3507" ordinal="0" offset="51" sl="93" sc="0" el="93" ec="0" bec="0" bev="0" fileid="68" />
                <SequencePoint vc="0" uspid="3508" ordinal="0" offset="57" sl="95" sc="0" el="95" ec="0" bec="0" bev="0" fileid="68" />
                <SequencePoint vc="0" uspid="3509" ordinal="0" offset="73" sl="99" sc="0" el="99" ec="0" bec="0" bev="0" fileid="68" />
              </SequencePoints>
              <BranchPoints />
            </Method>
          </Methods>
        </Class>
        <Class>
          <Summary numSequencePoints="4" visitedSequencePoints="0" numBranchPoints="0" visitedBranchPoints="0" sequenceCoverage="0.0" branchCoverage="0.0" maxCyclomaticComplexity="0" minCyclomaticComplexity="0" maxCrapScore="0" minCrapScore="0" visitedClasses="0" numClasses="1" visitedMethods="0" numMethods="1" />
          <FullName>Lab6Tests/&lt;Hotbar_ShouldExist&gt;d__3</FullName>
          <Methods>
            <Method visited="false" cyclomaticComplexity="0" nPathComplexity="0" sequenceCoverage="0.0" branchCoverage="0" crapScore="0" isConstructor="false" isStatic="false" isGetter="false" isSetter="false">
              <Summary numSequencePoints="4" visitedSequencePoints="0" numBranchPoints="0" visitedBranchPoints="0" sequenceCoverage="0.0" branchCoverage="0" maxCyclomaticComplexity="0" minCyclomaticComplexity="0" maxCrapScore="0" minCrapScore="0" visitedClasses="0" numClasses="0" visitedMethods="0" numMethods="1" />
              <MetadataToken>100663433</MetadataToken>
              <Name>System.Boolean Lab6Tests/&lt;Hotbar_ShouldExist&gt;d__3::MoveNext()</Name>
              <FileRef uid="68" />
              <SequencePoints>
                <SequencePoint vc="0" uspid="3510" ordinal="0" offset="23" sl="62" sc="0" el="62" ec="0" bec="0" bev="0" fileid="68" />
                <SequencePoint vc="0" uspid="3511" ordinal="0" offset="46" sl="64" sc="0" el="64" ec="0" bec="0" bev="0" fileid="68" />
                <SequencePoint vc="0" uspid="3512" ordinal="0" offset="51" sl="67" sc="0" el="67" ec="0" bec="0" bev="0" fileid="68" />
                <SequencePoint vc="0" uspid="3513" ordinal="0" offset="56" sl="68" sc="0" el="68" ec="0" bec="0" bev="0" fileid="68" />
              </SequencePoints>
              <BranchPoints />
            </Method>
          </Methods>
        </Class>
        <Class>
          <Summary numSequencePoints="4" visitedSequencePoints="0" numBranchPoints="0" visitedBranchPoints="0" sequenceCoverage="0.0" branchCoverage="0.0" maxCyclomaticComplexity="0" minCyclomaticComplexity="0" maxCrapScore="0" minCrapScore="0" visitedClasses="0" numClasses="1" visitedMethods="0" numMethods="1" />
          <FullName>Lab6Tests/&lt;InventoryManager_ShouldExist&gt;d__2</FullName>
          <Methods>
            <Method visited="false" cyclomaticComplexity="0" nPathComplexity="0" sequenceCoverage="0.0" branchCoverage="0" crapScore="0" isConstructor="false" isStatic="false" isGetter="false" isSetter="false">
              <Summary numSequencePoints="4" visitedSequencePoints="0" numBranchPoints="0" visitedBranchPoints="0" sequenceCoverage="0.0" branchCoverage="0" maxCyclomaticComplexity="0" minCyclomaticComplexity="0" maxCrapScore="0" minCrapScore="0" visitedClasses="0" numClasses="0" visitedMethods="0" numMethods="1" />
              <MetadataToken>100663439</MetadataToken>
              <Name>System.Boolean Lab6Tests/&lt;InventoryManager_ShouldExist&gt;d__2::MoveNext()</Name>
              <FileRef uid="68" />
              <SequencePoints>
                <SequencePoint vc="0" uspid="3514" ordinal="0" offset="23" sl="46" sc="0" el="46" ec="0" bec="0" bev="0" fileid="68" />
                <SequencePoint vc="0" uspid="3515" ordinal="0" offset="46" sl="48" sc="0" el="48" ec="0" bec="0" bev="0" fileid="68" />
                <SequencePoint vc="0" uspid="3516" ordinal="0" offset="51" sl="51" sc="0" el="51" ec="0" bec="0" bev="0" fileid="68" />
                <SequencePoint vc="0" uspid="3517" ordinal="0" offset="56" sl="52" sc="0" el="52" ec="0" bec="0" bev="0" fileid="68" />
              </SequencePoints>
              <BranchPoints />
            </Method>
          </Methods>
        </Class>
        <Class>
          <Summary numSequencePoints="4" visitedSequencePoints="0" numBranchPoints="0" visitedBranchPoints="0" sequenceCoverage="0.0" branchCoverage="0.0" maxCyclomaticComplexity="0" minCyclomaticComplexity="0" maxCrapScore="0" minCrapScore="0" visitedClasses="0" numClasses="1" visitedMethods="0" numMethods="1" />
          <FullName>Lab6Tests/&lt;InventoryUI_ShouldExist&gt;d__0</FullName>
          <Methods>
            <Method visited="false" cyclomaticComplexity="0" nPathComplexity="0" sequenceCoverage="0.0" branchCoverage="0" crapScore="0" isConstructor="false" isStatic="false" isGetter="false" isSetter="false">
              <Summary numSequencePoints="4" visitedSequencePoints="0" numBranchPoints="0" visitedBranchPoints="0" sequenceCoverage="0.0" branchCoverage="0" maxCyclomaticComplexity="0" minCyclomaticComplexity="0" maxCrapScore="0" minCrapScore="0" visitedClasses="0" numClasses="0" visitedMethods="0" numMethods="1" />
              <MetadataToken>100663445</MetadataToken>
              <Name>System.Boolean Lab6Tests/&lt;InventoryUI_ShouldExist&gt;d__0::MoveNext()</Name>
              <FileRef uid="68" />
              <SequencePoints>
                <SequencePoint vc="0" uspid="3518" ordinal="0" offset="23" sl="15" sc="0" el="15" ec="0" bec="0" bev="0" fileid="68" />
                <SequencePoint vc="0" uspid="3519" ordinal="0" offset="46" sl="17" sc="0" el="17" ec="0" bec="0" bev="0" fileid="68" />
                <SequencePoint vc="0" uspid="3520" ordinal="0" offset="51" sl="20" sc="0" el="20" ec="0" bec="0" bev="0" fileid="68" />
                <SequencePoint vc="0" uspid="3521" ordinal="0" offset="66" sl="24" sc="0" el="24" ec="0" bec="0" bev="0" fileid="68" />
              </SequencePoints>
              <BranchPoints />
            </Method>
          </Methods>
        </Class>
        <Class>
          <Summary numSequencePoints="4" visitedSequencePoints="0" numBranchPoints="0" visitedBranchPoints="0" sequenceCoverage="0.0" branchCoverage="0.0" maxCyclomaticComplexity="0" minCyclomaticComplexity="0" maxCrapScore="0" minCrapScore="0" visitedClasses="0" numClasses="1" visitedMethods="0" numMethods="1" />
          <FullName>Lab6Tests/&lt;Inventory_ShouldContainSlot&gt;d__1</FullName>
          <Methods>
            <Method visited="false" cyclomaticComplexity="0" nPathComplexity="0" sequenceCoverage="0.0" branchCoverage="0" crapScore="0" isConstructor="false" isStatic="false" isGetter="false" isSetter="false">
              <Summary numSequencePoints="4" visitedSequencePoints="0" numBranchPoints="0" visitedBranchPoints="0" sequenceCoverage="0.0" branchCoverage="0" maxCyclomaticComplexity="0" minCyclomaticComplexity="0" maxCrapScore="0" minCrapScore="0" visitedClasses="0" numClasses="0" visitedMethods="0" numMethods="1" />
              <MetadataToken>100663451</MetadataToken>
              <Name>System.Boolean Lab6Tests/&lt;Inventory_ShouldContainSlot&gt;d__1::MoveNext()</Name>
              <FileRef uid="68" />
              <SequencePoints>
                <SequencePoint vc="0" uspid="3522" ordinal="0" offset="23" sl="29" sc="0" el="29" ec="0" bec="0" bev="0" fileid="68" />
                <SequencePoint vc="0" uspid="3523" ordinal="0" offset="46" sl="31" sc="0" el="31" ec="0" bec="0" bev="0" fileid="68" />
                <SequencePoint vc="0" uspid="3524" ordinal="0" offset="52" sl="36" sc="0" el="36" ec="0" bec="0" bev="0" fileid="68" />
                <SequencePoint vc="0" uspid="3525" ordinal="0" offset="70" sl="41" sc="0" el="41" ec="0" bec="0" bev="0" fileid="68" />
              </SequencePoints>
              <BranchPoints />
            </Method>
          </Methods>
        </Class>
        <Class>
          <Summary numSequencePoints="5" visitedSequencePoints="0" numBranchPoints="0" visitedBranchPoints="0" sequenceCoverage="0.0" branchCoverage="0.0" maxCyclomaticComplexity="0" minCyclomaticComplexity="0" maxCrapScore="0" minCrapScore="0" visitedClasses="0" numClasses="1" visitedMethods="0" numMethods="1" />
          <FullName>Lab6Tests/&lt;Particle_ShouldBeEnabled&gt;d__13</FullName>
          <Methods>
            <Method visited="false" cyclomaticComplexity="0" nPathComplexity="0" sequenceCoverage="0.0" branchCoverage="0" crapScore="0" isConstructor="false" isStatic="false" isGetter="false" isSetter="false">
              <Summary numSequencePoints="5" visitedSequencePoints="0" numBranchPoints="0" visitedBranchPoints="0" sequenceCoverage="0.0" branchCoverage="0" maxCyclomaticComplexity="0" minCyclomaticComplexity="0" maxCrapScore="0" minCrapScore="0" visitedClasses="0" numClasses="0" visitedMethods="0" numMethods="1" />
              <MetadataToken>100663457</MetadataToken>
              <Name>System.Boolean Lab6Tests/&lt;Particle_ShouldBeEnabled&gt;d__13::MoveNext()</Name>
              <FileRef uid="68" />
              <SequencePoints>
                <SequencePoint vc="0" uspid="3526" ordinal="0" offset="23" sl="215" sc="0" el="215" ec="0" bec="0" bev="0" fileid="68" />
                <SequencePoint vc="0" uspid="3527" ordinal="0" offset="46" sl="217" sc="0" el="217" ec="0" bec="0" bev="0" fileid="68" />
                <SequencePoint vc="0" uspid="3528" ordinal="0" offset="51" sl="220" sc="0" el="220" ec="0" bec="0" bev="0" fileid="68" />
                <SequencePoint vc="0" uspid="3529" ordinal="0" offset="57" sl="222" sc="0" el="222" ec="0" bec="0" bev="0" fileid="68" />
                <SequencePoint vc="0" uspid="3530" ordinal="0" offset="72" sl="225" sc="0" el="225" ec="0" bec="0" bev="0" fileid="68" />
              </SequencePoints>
              <BranchPoints />
            </Method>
          </Methods>
        </Class>
        <Class>
          <Summary numSequencePoints="4" visitedSequencePoints="0" numBranchPoints="0" visitedBranchPoints="0" sequenceCoverage="0.0" branchCoverage="0.0" maxCyclomaticComplexity="0" minCyclomaticComplexity="0" maxCrapScore="0" minCrapScore="0" visitedClasses="0" numClasses="1" visitedMethods="0" numMethods="1" />
          <FullName>Lab6Tests/&lt;Particle_ShouldExist&gt;d__12</FullName>
          <Methods>
            <Method visited="false" cyclomaticComplexity="0" nPathComplexity="0" sequenceCoverage="0.0" branchCoverage="0" crapScore="0" isConstructor="false" isStatic="false" isGetter="false" isSetter="false">
              <Summary numSequencePoints="4" visitedSequencePoints="0" numBranchPoints="0" visitedBranchPoints="0" sequenceCoverage="0.0" branchCoverage="0" maxCyclomaticComplexity="0" minCyclomaticComplexity="0" maxCrapScore="0" minCrapScore="0" visitedClasses="0" numClasses="0" visitedMethods="0" numMethods="1" />
              <MetadataToken>100663463</MetadataToken>
              <Name>System.Boolean Lab6Tests/&lt;Particle_ShouldExist&gt;d__12::MoveNext()</Name>
              <FileRef uid="68" />
              <SequencePoints>
                <SequencePoint vc="0" uspid="3531" ordinal="0" offset="23" sl="202" sc="0" el="202" ec="0" bec="0" bev="0" fileid="68" />
                <SequencePoint vc="0" uspid="3532" ordinal="0" offset="46" sl="204" sc="0" el="204" ec="0" bec="0" bev="0" fileid="68" />
                <SequencePoint vc="0" uspid="3533" ordinal="0" offset="52" sl="209" sc="0" el="209" ec="0" bec="0" bev="0" fileid="68" />
                <SequencePoint vc="0" uspid="3534" ordinal="0" offset="60" sl="210" sc="0" el="210" ec="0" bec="0" bev="0" fileid="68" />
              </SequencePoints>
              <BranchPoints />
            </Method>
          </Methods>
        </Class>
        <Class>
          <Summary numSequencePoints="6" visitedSequencePoints="0" numBranchPoints="0" visitedBranchPoints="0" sequenceCoverage="0.0" branchCoverage="0.0" maxCyclomaticComplexity="0" minCyclomaticComplexity="0" maxCrapScore="0" minCrapScore="0" visitedClasses="0" numClasses="1" visitedMethods="0" numMethods="1" />
          <FullName>Lab6Tests/&lt;Particle_ShouldPlay&gt;d__14</FullName>
          <Methods>
            <Method visited="false" cyclomaticComplexity="0" nPathComplexity="0" sequenceCoverage="0.0" branchCoverage="0" crapScore="0" isConstructor="false" isStatic="false" isGetter="false" isSetter="false">
              <Summary numSequencePoints="6" visitedSequencePoints="0" numBranchPoints="0" visitedBranchPoints="0" sequenceCoverage="0.0" branchCoverage="0" maxCyclomaticComplexity="0" minCyclomaticComplexity="0" maxCrapScore="0" minCrapScore="0" visitedClasses="0" numClasses="0" visitedMethods="0" numMethods="1" />
              <MetadataToken>100663469</MetadataToken>
              <Name>System.Boolean Lab6Tests/&lt;Particle_ShouldPlay&gt;d__14::MoveNext()</Name>
              <FileRef uid="68" />
              <SequencePoints>
                <SequencePoint vc="0" uspid="3535" ordinal="0" offset="23" sl="230" sc="0" el="230" ec="0" bec="0" bev="0" fileid="68" />
                <SequencePoint vc="0" uspid="3536" ordinal="0" offset="34" sl="233" sc="0" el="233" ec="0" bec="0" bev="0" fileid="68" />
                <SequencePoint vc="0" uspid="3537" ordinal="0" offset="45" sl="235" sc="0" el="235" ec="0" bec="0" bev="0" fileid="68" />
                <SequencePoint vc="0" uspid="3538" ordinal="0" offset="56" sl="237" sc="0" el="237" ec="0" bec="0" bev="0" fileid="68" />
                <SequencePoint vc="0" uspid="3539" ordinal="0" offset="79" sl="239" sc="0" el="239" ec="0" bec="0" bev="0" fileid="68" />
                <SequencePoint vc="0" uspid="3540" ordinal="0" offset="95" sl="240" sc="0" el="240" ec="0" bec="0" bev="0" fileid="68" />
              </SequencePoints>
              <BranchPoints />
            </Method>
          </Methods>
        </Class>
        <Class>
          <Summary numSequencePoints="6" visitedSequencePoints="0" numBranchPoints="0" visitedBranchPoints="0" sequenceCoverage="0.0" branchCoverage="0.0" maxCyclomaticComplexity="0" minCyclomaticComplexity="0" maxCrapScore="0" minCrapScore="0" visitedClasses="0" numClasses="1" visitedMethods="0" numMethods="1" />
          <FullName>Lab6Tests/&lt;Player_ShouldHaveAnimator&gt;d__9</FullName>
          <Methods>
            <Method visited="false" cyclomaticComplexity="0" nPathComplexity="0" sequenceCoverage="0.0" branchCoverage="0" crapScore="0" isConstructor="false" isStatic="false" isGetter="false" isSetter="false">
              <Summary numSequencePoints="6" visitedSequencePoints="0" numBranchPoints="0" visitedBranchPoints="0" sequenceCoverage="0.0" branchCoverage="0" maxCyclomaticComplexity="0" minCyclomaticComplexity="0" maxCrapScore="0" minCrapScore="0" visitedClasses="0" numClasses="0" visitedMethods="0" numMethods="1" />
              <MetadataToken>100663475</MetadataToken>
              <Name>System.Boolean Lab6Tests/&lt;Player_ShouldHaveAnimator&gt;d__9::MoveNext()</Name>
              <FileRef uid="68" />
              <SequencePoints>
                <SequencePoint vc="0" uspid="3541" ordinal="0" offset="23" sl="150" sc="0" el="150" ec="0" bec="0" bev="0" fileid="68" />
                <SequencePoint vc="0" uspid="3542" ordinal="0" offset="46" sl="151" sc="0" el="151" ec="0" bec="0" bev="0" fileid="68" />
                <SequencePoint vc="0" uspid="3543" ordinal="0" offset="51" sl="154" sc="0" el="154" ec="0" bec="0" bev="0" fileid="68" />
                <SequencePoint vc="0" uspid="3544" ordinal="0" offset="57" sl="156" sc="0" el="156" ec="0" bec="0" bev="0" fileid="68" />
                <SequencePoint vc="0" uspid="3545" ordinal="0" offset="62" sl="159" sc="0" el="159" ec="0" bec="0" bev="0" fileid="68" />
                <SequencePoint vc="0" uspid="3546" ordinal="0" offset="67" sl="160" sc="0" el="160" ec="0" bec="0" bev="0" fileid="68" />
              </SequencePoints>
              <BranchPoints />
            </Method>
          </Methods>
        </Class>
        <Class>
          <Summary numSequencePoints="4" visitedSequencePoints="0" numBranchPoints="0" visitedBranchPoints="0" sequenceCoverage="0.0" branchCoverage="0.0" maxCyclomaticComplexity="0" minCyclomaticComplexity="0" maxCrapScore="0" minCrapScore="0" visitedClasses="0" numClasses="1" visitedMethods="0" numMethods="1" />
          <FullName>Lab6Tests/&lt;VolumeUI_ShouldExist&gt;d__7</FullName>
          <Methods>
            <Method visited="false" cyclomaticComplexity="0" nPathComplexity="0" sequenceCoverage="0.0" branchCoverage="0" crapScore="0" isConstructor="false" isStatic="false" isGetter="false" isSetter="false">
              <Summary numSequencePoints="4" visitedSequencePoints="0" numBranchPoints="0" visitedBranchPoints="0" sequenceCoverage="0.0" branchCoverage="0" maxCyclomaticComplexity="0" minCyclomaticComplexity="0" maxCrapScore="0" minCrapScore="0" visitedClasses="0" numClasses="0" visitedMethods="0" numMethods="1" />
              <MetadataToken>100663481</MetadataToken>
              <Name>System.Boolean Lab6Tests/&lt;VolumeUI_ShouldExist&gt;d__7::MoveNext()</Name>
              <FileRef uid="68" />
              <SequencePoints>
                <SequencePoint vc="0" uspid="3547" ordinal="0" offset="23" sl="120" sc="0" el="120" ec="0" bec="0" bev="0" fileid="68" />
                <SequencePoint vc="0" uspid="3548" ordinal="0" offset="46" sl="122" sc="0" el="122" ec="0" bec="0" bev="0" fileid="68" />
                <SequencePoint vc="0" uspid="3549" ordinal="0" offset="51" sl="125" sc="0" el="125" ec="0" bec="0" bev="0" fileid="68" />
                <SequencePoint vc="0" uspid="3550" ordinal="0" offset="56" sl="126" sc="0" el="126" ec="0" bec="0" bev="0" fileid="68" />
              </SequencePoints>
              <BranchPoints />
            </Method>
          </Methods>
        </Class>
      </Classes>
    </Module>
  </Modules>
</CoverageSession>