<?xml version="1.0" encoding="utf-8"?>
<CoverageSession xmlns:xsd="http://www.w3.org/2001/XMLSchema" xmlns:xsi="http://www.w3.org/2001/XMLSchema-instance" Version="0.0.0.0">
  <Summary numSequencePoints="144" visitedSequencePoints="89" numBranchPoints="0" visitedBranchPoints="0" sequenceCoverage="61.81" branchCoverage="0.0" maxCyclomaticComplexity="0" minCyclomaticComplexity="0" maxCrapScore="0" minCrapScore="0" visitedClasses="28" numClasses="28" visitedMethods="28" numMethods="28" />
  <Modules>
    <Module>
      <Summary numSequencePoints="144" visitedSequencePoints="89" numBranchPoints="0" visitedBranchPoints="0" sequenceCoverage="61.81" branchCoverage="0.0" maxCyclomaticComplexity="0" minCyclomaticComplexity="0" maxCrapScore="0" minCrapScore="0" visitedClasses="28" numClasses="28" visitedMethods="28" numMethods="28" />
      <ModuleTime>0001-01-01T00:00:00</ModuleTime>
      <ModuleName>Tests</ModuleName>
      <Files>
        <File uid="67" fullPath="C:/add/GAM302/ASM_nangcao/Assets/Tests/IntegrationTests.cs" />
        <File uid="68" fullPath="C:/add/GAM302/ASM_nangcao/Assets/Tests/Lab6Tests.cs" />
      </Files>
      <Classes>
        <Class>
          <Summary numSequencePoints="3" visitedSequencePoints="3" numBranchPoints="0" visitedBranchPoints="0" sequenceCoverage="100.0" branchCoverage="0.0" maxCyclomaticComplexity="0" minCyclomaticComplexity="0" maxCrapScore="0" minCrapScore="0" visitedClasses="1" numClasses="1" visitedMethods="1" numMethods="1" />
          <FullName>IntegrationTests</FullName>
          <Methods>
            <Method visited="true" cyclomaticComplexity="0" nPathComplexity="0" sequenceCoverage="100.0" branchCoverage="0" crapScore="0" isConstructor="false" isStatic="false" isGetter="false" isSetter="false">
              <Summary numSequencePoints="3" visitedSequencePoints="3" numBranchPoints="0" visitedBranchPoints="0" sequenceCoverage="100.0" branchCoverage="0" maxCyclomaticComplexity="0" minCyclomaticComplexity="0" maxCrapScore="0" minCrapScore="0" visitedClasses="0" numClasses="0" visitedMethods="1" numMethods="1" />
              <MetadataToken>100663304</MetadataToken>
              <Name>System.Void IntegrationTests::Audio_Gameplay_Volume_ShouldBeValid()</Name>
              <FileRef uid="67" />
              <SequencePoints>
                <SequencePoint vc="1" uspid="6957" ordinal="0" offset="0" sl="199" sc="9" el="199" ec="9" bec="0" bev="0" fileid="67" />
                <SequencePoint vc="1" uspid="6958" ordinal="0" offset="25" sl="205" sc="9" el="205" ec="9" bec="0" bev="0" fileid="67" />
                <SequencePoint vc="1" uspid="6959" ordinal="0" offset="50" sl="210" sc="5" el="210" ec="5" bec="0" bev="0" fileid="67" />
              </SequencePoints>
              <BranchPoints />
            </Method>
          </Methods>
        </Class>
        <Class>
          <Summary numSequencePoints="3" visitedSequencePoints="3" numBranchPoints="0" visitedBranchPoints="0" sequenceCoverage="100.0" branchCoverage="0.0" maxCyclomaticComplexity="0" minCyclomaticComplexity="0" maxCrapScore="0" minCrapScore="0" visitedClasses="1" numClasses="1" visitedMethods="1" numMethods="1" />
          <FullName>Lab6Tests</FullName>
          <Methods>
            <Method visited="true" cyclomaticComplexity="0" nPathComplexity="0" sequenceCoverage="100.0" branchCoverage="0" crapScore="0" isConstructor="false" isStatic="false" isGetter="false" isSetter="false">
              <Summary numSequencePoints="3" visitedSequencePoints="3" numBranchPoints="0" visitedBranchPoints="0" sequenceCoverage="100.0" branchCoverage="0" maxCyclomaticComplexity="0" minCyclomaticComplexity="0" maxCrapScore="0" minCrapScore="0" visitedClasses="0" numClasses="0" visitedMethods="1" numMethods="1" />
              <MetadataToken>100663319</MetadataToken>
              <Name>System.Void Lab6Tests::AudioVolume_ShouldBeValid()</Name>
              <FileRef uid="68" />
              <SequencePoints>
                <SequencePoint vc="1" uspid="6960" ordinal="0" offset="0" sl="131" sc="9" el="131" ec="9" bec="0" bev="0" fileid="68" />
                <SequencePoint vc="1" uspid="6961" ordinal="0" offset="15" sl="136" sc="9" el="136" ec="9" bec="0" bev="0" fileid="68" />
                <SequencePoint vc="1" uspid="6962" ordinal="0" offset="30" sl="140" sc="5" el="140" ec="5" bec="0" bev="0" fileid="68" />
              </SequencePoints>
              <BranchPoints />
            </Method>
          </Methods>
        </Class>
        <Class>
          <Summary numSequencePoints="6" visitedSequencePoints="4" numBranchPoints="0" visitedBranchPoints="0" sequenceCoverage="66.67" branchCoverage="0.0" maxCyclomaticComplexity="0" minCyclomaticComplexity="0" maxCrapScore="0" minCrapScore="0" visitedClasses="1" numClasses="1" visitedMethods="1" numMethods="1" />
          <FullName>IntegrationTests/&lt;Audio_Gameplay_AudioSettingAndVolume_ShouldExist&gt;d__6</FullName>
          <Methods>
            <Method visited="true" cyclomaticComplexity="0" nPathComplexity="0" sequenceCoverage="66.67" branchCoverage="0" crapScore="0" isConstructor="false" isStatic="false" isGetter="false" isSetter="false">
              <Summary numSequencePoints="6" visitedSequencePoints="4" numBranchPoints="0" visitedBranchPoints="0" sequenceCoverage="66.67" branchCoverage="0" maxCyclomaticComplexity="0" minCyclomaticComplexity="0" maxCrapScore="0" minCrapScore="0" visitedClasses="0" numClasses="0" visitedMethods="1" numMethods="1" />
              <MetadataToken>100663331</MetadataToken>
              <Name>System.Boolean IntegrationTests/&lt;Audio_Gameplay_AudioSettingAndVolume_ShouldExist&gt;d__6::MoveNext()</Name>
              <FileRef uid="67" />
              <SequencePoints>
                <SequencePoint vc="1" uspid="6963" ordinal="0" offset="23" sl="176" sc="9" el="176" ec="9" bec="0" bev="0" fileid="67" />
                <SequencePoint vc="1" uspid="6964" ordinal="0" offset="46" sl="178" sc="9" el="178" ec="9" bec="0" bev="0" fileid="67" />
                <SequencePoint vc="1" uspid="6965" ordinal="0" offset="51" sl="181" sc="9" el="181" ec="9" bec="0" bev="0" fileid="67" />
                <SequencePoint vc="1" uspid="6966" ordinal="0" offset="57" sl="184" sc="9" el="184" ec="9" bec="0" bev="0" fileid="67" />
                <SequencePoint vc="0" uspid="6967" ordinal="0" offset="72" sl="189" sc="9" el="189" ec="9" bec="0" bev="0" fileid="67" />
                <SequencePoint vc="0" uspid="6968" ordinal="0" offset="88" sl="193" sc="5" el="193" ec="5" bec="0" bev="0" fileid="67" />
              </SequencePoints>
              <BranchPoints />
            </Method>
          </Methods>
        </Class>
        <Class>
          <Summary numSequencePoints="6" visitedSequencePoints="3" numBranchPoints="0" visitedBranchPoints="0" sequenceCoverage="50.00" branchCoverage="0.0" maxCyclomaticComplexity="0" minCyclomaticComplexity="0" maxCrapScore="0" minCrapScore="0" visitedClasses="1" numClasses="1" visitedMethods="1" numMethods="1" />
          <FullName>IntegrationTests/&lt;Audio_Gameplay_AudioSystem_ShouldBeAvailable&gt;d__8</FullName>
          <Methods>
            <Method visited="true" cyclomaticComplexity="0" nPathComplexity="0" sequenceCoverage="50.00" branchCoverage="0" crapScore="0" isConstructor="false" isStatic="false" isGetter="false" isSetter="false">
              <Summary numSequencePoints="6" visitedSequencePoints="3" numBranchPoints="0" visitedBranchPoints="0" sequenceCoverage="50.00" branchCoverage="0" maxCyclomaticComplexity="0" minCyclomaticComplexity="0" maxCrapScore="0" minCrapScore="0" visitedClasses="0" numClasses="0" visitedMethods="1" numMethods="1" />
              <MetadataToken>100663337</MetadataToken>
              <Name>System.Boolean IntegrationTests/&lt;Audio_Gameplay_AudioSystem_ShouldBeAvailable&gt;d__8::MoveNext()</Name>
              <FileRef uid="67" />
              <SequencePoints>
                <SequencePoint vc="1" uspid="6969" ordinal="0" offset="23" sl="216" sc="9" el="216" ec="9" bec="0" bev="0" fileid="67" />
                <SequencePoint vc="1" uspid="6970" ordinal="0" offset="46" sl="218" sc="9" el="218" ec="9" bec="0" bev="0" fileid="67" />
                <SequencePoint vc="1" uspid="6971" ordinal="0" offset="51" sl="221" sc="9" el="221" ec="9" bec="0" bev="0" fileid="67" />
                <SequencePoint vc="0" uspid="6972" ordinal="0" offset="66" sl="226" sc="9" el="226" ec="9" bec="0" bev="0" fileid="67" />
                <SequencePoint vc="0" uspid="6973" ordinal="0" offset="81" sl="231" sc="9" el="231" ec="9" bec="0" bev="0" fileid="67" />
                <SequencePoint vc="0" uspid="6974" ordinal="0" offset="96" sl="235" sc="5" el="235" ec="5" bec="0" bev="0" fileid="67" />
              </SequencePoints>
              <BranchPoints />
            </Method>
          </Methods>
        </Class>
        <Class>
          <Summary numSequencePoints="5" visitedSequencePoints="3" numBranchPoints="0" visitedBranchPoints="0" sequenceCoverage="60.00" branchCoverage="0.0" maxCyclomaticComplexity="0" minCyclomaticComplexity="0" maxCrapScore="0" minCrapScore="0" visitedClasses="1" numClasses="1" visitedMethods="1" numMethods="1" />
          <FullName>IntegrationTests/&lt;Effect_Gameplay_ParticleSystem_ShouldBeActive&gt;d__10</FullName>
          <Methods>
            <Method visited="true" cyclomaticComplexity="0" nPathComplexity="0" sequenceCoverage="60.00" branchCoverage="0" crapScore="0" isConstructor="false" isStatic="false" isGetter="false" isSetter="false">
              <Summary numSequencePoints="5" visitedSequencePoints="3" numBranchPoints="0" visitedBranchPoints="0" sequenceCoverage="60.00" branchCoverage="0" maxCyclomaticComplexity="0" minCyclomaticComplexity="0" maxCrapScore="0" minCrapScore="0" visitedClasses="0" numClasses="0" visitedMethods="1" numMethods="1" />
              <MetadataToken>100663343</MetadataToken>
              <Name>System.Boolean IntegrationTests/&lt;Effect_Gameplay_ParticleSystem_ShouldBeActive&gt;d__10::MoveNext()</Name>
              <FileRef uid="67" />
              <SequencePoints>
                <SequencePoint vc="1" uspid="6975" ordinal="0" offset="23" sl="260" sc="9" el="260" ec="9" bec="0" bev="0" fileid="67" />
                <SequencePoint vc="1" uspid="6976" ordinal="0" offset="46" sl="262" sc="9" el="262" ec="9" bec="0" bev="0" fileid="67" />
                <SequencePoint vc="1" uspid="6977" ordinal="0" offset="51" sl="265" sc="9" el="265" ec="9" bec="0" bev="0" fileid="67" />
                <SequencePoint vc="0" uspid="6978" ordinal="0" offset="67" sl="270" sc="9" el="270" ec="9" bec="0" bev="0" fileid="67" />
                <SequencePoint vc="0" uspid="6979" ordinal="0" offset="92" sl="274" sc="5" el="274" ec="5" bec="0" bev="0" fileid="67" />
              </SequencePoints>
              <BranchPoints />
            </Method>
          </Methods>
        </Class>
        <Class>
          <Summary numSequencePoints="4" visitedSequencePoints="3" numBranchPoints="0" visitedBranchPoints="0" sequenceCoverage="75.00" branchCoverage="0.0" maxCyclomaticComplexity="0" minCyclomaticComplexity="0" maxCrapScore="0" minCrapScore="0" visitedClasses="1" numClasses="1" visitedMethods="1" numMethods="1" />
          <FullName>IntegrationTests/&lt;Effect_Gameplay_ParticleSystem_ShouldExist&gt;d__9</FullName>
          <Methods>
            <Method visited="true" cyclomaticComplexity="0" nPathComplexity="0" sequenceCoverage="75.00" branchCoverage="0" crapScore="0" isConstructor="false" isStatic="false" isGetter="false" isSetter="false">
              <Summary numSequencePoints="4" visitedSequencePoints="3" numBranchPoints="0" visitedBranchPoints="0" sequenceCoverage="75.00" branchCoverage="0" maxCyclomaticComplexity="0" minCyclomaticComplexity="0" maxCrapScore="0" minCrapScore="0" visitedClasses="0" numClasses="0" visitedMethods="1" numMethods="1" />
              <MetadataToken>100663349</MetadataToken>
              <Name>System.Boolean IntegrationTests/&lt;Effect_Gameplay_ParticleSystem_ShouldExist&gt;d__9::MoveNext()</Name>
              <FileRef uid="67" />
              <SequencePoints>
                <SequencePoint vc="1" uspid="6980" ordinal="0" offset="23" sl="245" sc="9" el="245" ec="9" bec="0" bev="0" fileid="67" />
                <SequencePoint vc="1" uspid="6981" ordinal="0" offset="46" sl="247" sc="9" el="247" ec="9" bec="0" bev="0" fileid="67" />
                <SequencePoint vc="1" uspid="6982" ordinal="0" offset="51" sl="250" sc="9" el="250" ec="9" bec="0" bev="0" fileid="67" />
                <SequencePoint vc="0" uspid="6983" ordinal="0" offset="66" sl="254" sc="5" el="254" ec="5" bec="0" bev="0" fileid="67" />
              </SequencePoints>
              <BranchPoints />
            </Method>
          </Methods>
        </Class>
        <Class>
          <Summary numSequencePoints="7" visitedSequencePoints="3" numBranchPoints="0" visitedBranchPoints="0" sequenceCoverage="42.86" branchCoverage="0.0" maxCyclomaticComplexity="0" minCyclomaticComplexity="0" maxCrapScore="0" minCrapScore="0" visitedClasses="1" numClasses="1" visitedMethods="1" numMethods="1" />
          <FullName>IntegrationTests/&lt;Effect_Gameplay_ParticleSystem_ShouldPlay&gt;d__11</FullName>
          <Methods>
            <Method visited="true" cyclomaticComplexity="0" nPathComplexity="0" sequenceCoverage="42.86" branchCoverage="0" crapScore="0" isConstructor="false" isStatic="false" isGetter="false" isSetter="false">
              <Summary numSequencePoints="7" visitedSequencePoints="3" numBranchPoints="0" visitedBranchPoints="0" sequenceCoverage="42.86" branchCoverage="0" maxCyclomaticComplexity="0" minCyclomaticComplexity="0" maxCrapScore="0" minCrapScore="0" visitedClasses="0" numClasses="0" visitedMethods="1" numMethods="1" />
              <MetadataToken>100663355</MetadataToken>
              <Name>System.Boolean IntegrationTests/&lt;Effect_Gameplay_ParticleSystem_ShouldPlay&gt;d__11::MoveNext()</Name>
              <FileRef uid="67" />
              <SequencePoints>
                <SequencePoint vc="1" uspid="6984" ordinal="0" offset="34" sl="280" sc="9" el="280" ec="9" bec="0" bev="0" fileid="67" />
                <SequencePoint vc="1" uspid="6985" ordinal="0" offset="57" sl="282" sc="9" el="282" ec="9" bec="0" bev="0" fileid="67" />
                <SequencePoint vc="1" uspid="6986" ordinal="0" offset="68" sl="285" sc="9" el="285" ec="9" bec="0" bev="0" fileid="67" />
                <SequencePoint vc="0" uspid="6987" ordinal="0" offset="89" sl="290" sc="9" el="290" ec="9" bec="0" bev="0" fileid="67" />
                <SequencePoint vc="0" uspid="6988" ordinal="0" offset="100" sl="292" sc="9" el="292" ec="9" bec="0" bev="0" fileid="67" />
                <SequencePoint vc="0" uspid="6989" ordinal="0" offset="123" sl="294" sc="9" el="294" ec="9" bec="0" bev="0" fileid="67" />
                <SequencePoint vc="0" uspid="6990" ordinal="0" offset="149" sl="298" sc="5" el="298" ec="5" bec="0" bev="0" fileid="67" />
              </SequencePoints>
              <BranchPoints />
            </Method>
          </Methods>
        </Class>
        <Class>
          <Summary numSequencePoints="7" visitedSequencePoints="3" numBranchPoints="0" visitedBranchPoints="0" sequenceCoverage="42.86" branchCoverage="0.0" maxCyclomaticComplexity="0" minCyclomaticComplexity="0" maxCrapScore="0" minCrapScore="0" visitedClasses="1" numClasses="1" visitedMethods="1" numMethods="1" />
          <FullName>IntegrationTests/&lt;Player_Gameplay_Animator_ShouldBeConnected&gt;d__3</FullName>
          <Methods>
            <Method visited="true" cyclomaticComplexity="0" nPathComplexity="0" sequenceCoverage="42.86" branchCoverage="0" crapScore="0" isConstructor="false" isStatic="false" isGetter="false" isSetter="false">
              <Summary numSequencePoints="7" visitedSequencePoints="3" numBranchPoints="0" visitedBranchPoints="0" sequenceCoverage="42.86" branchCoverage="0" maxCyclomaticComplexity="0" minCyclomaticComplexity="0" maxCrapScore="0" minCrapScore="0" visitedClasses="0" numClasses="0" visitedMethods="1" numMethods="1" />
              <MetadataToken>100663361</MetadataToken>
              <Name>System.Boolean IntegrationTests/&lt;Player_Gameplay_Animator_ShouldBeConnected&gt;d__3::MoveNext()</Name>
              <FileRef uid="67" />
              <SequencePoints>
                <SequencePoint vc="1" uspid="6991" ordinal="0" offset="23" sl="99" sc="9" el="99" ec="9" bec="0" bev="0" fileid="67" />
                <SequencePoint vc="1" uspid="6992" ordinal="0" offset="46" sl="101" sc="9" el="101" ec="9" bec="0" bev="0" fileid="67" />
                <SequencePoint vc="1" uspid="6993" ordinal="0" offset="51" sl="104" sc="9" el="104" ec="9" bec="0" bev="0" fileid="67" />
                <SequencePoint vc="0" uspid="6994" ordinal="0" offset="67" sl="109" sc="9" el="109" ec="9" bec="0" bev="0" fileid="67" />
                <SequencePoint vc="0" uspid="6995" ordinal="0" offset="72" sl="112" sc="9" el="112" ec="9" bec="0" bev="0" fileid="67" />
                <SequencePoint vc="0" uspid="6996" ordinal="0" offset="88" sl="117" sc="9" el="117" ec="9" bec="0" bev="0" fileid="67" />
                <SequencePoint vc="0" uspid="6997" ordinal="0" offset="108" sl="121" sc="5" el="121" ec="5" bec="0" bev="0" fileid="67" />
              </SequencePoints>
              <BranchPoints />
            </Method>
          </Methods>
        </Class>
        <Class>
          <Summary numSequencePoints="6" visitedSequencePoints="4" numBranchPoints="0" visitedBranchPoints="0" sequenceCoverage="66.67" branchCoverage="0.0" maxCyclomaticComplexity="0" minCyclomaticComplexity="0" maxCrapScore="0" minCrapScore="0" visitedClasses="1" numClasses="1" visitedMethods="1" numMethods="1" />
          <FullName>IntegrationTests/&lt;Player_Gameplay_MovementAndLook_ShouldExist&gt;d__4</FullName>
          <Methods>
            <Method visited="true" cyclomaticComplexity="0" nPathComplexity="0" sequenceCoverage="66.67" branchCoverage="0" crapScore="0" isConstructor="false" isStatic="false" isGetter="false" isSetter="false">
              <Summary numSequencePoints="6" visitedSequencePoints="4" numBranchPoints="0" visitedBranchPoints="0" sequenceCoverage="66.67" branchCoverage="0" maxCyclomaticComplexity="0" minCyclomaticComplexity="0" maxCrapScore="0" minCrapScore="0" visitedClasses="0" numClasses="0" visitedMethods="1" numMethods="1" />
              <MetadataToken>100663367</MetadataToken>
              <Name>System.Boolean IntegrationTests/&lt;Player_Gameplay_MovementAndLook_ShouldExist&gt;d__4::MoveNext()</Name>
              <FileRef uid="67" />
              <SequencePoints>
                <SequencePoint vc="1" uspid="6998" ordinal="0" offset="23" sl="127" sc="9" el="127" ec="9" bec="0" bev="0" fileid="67" />
                <SequencePoint vc="1" uspid="6999" ordinal="0" offset="46" sl="129" sc="9" el="129" ec="9" bec="0" bev="0" fileid="67" />
                <SequencePoint vc="1" uspid="7000" ordinal="0" offset="51" sl="132" sc="9" el="132" ec="9" bec="0" bev="0" fileid="67" />
                <SequencePoint vc="1" uspid="7001" ordinal="0" offset="57" sl="135" sc="9" el="135" ec="9" bec="0" bev="0" fileid="67" />
                <SequencePoint vc="0" uspid="7002" ordinal="0" offset="72" sl="140" sc="9" el="140" ec="9" bec="0" bev="0" fileid="67" />
                <SequencePoint vc="0" uspid="7003" ordinal="0" offset="88" sl="144" sc="5" el="144" ec="5" bec="0" bev="0" fileid="67" />
              </SequencePoints>
              <BranchPoints />
            </Method>
          </Methods>
        </Class>
        <Class>
          <Summary numSequencePoints="7" visitedSequencePoints="3" numBranchPoints="0" visitedBranchPoints="0" sequenceCoverage="42.86" branchCoverage="0.0" maxCyclomaticComplexity="0" minCyclomaticComplexity="0" maxCrapScore="0" minCrapScore="0" visitedClasses="1" numClasses="1" visitedMethods="1" numMethods="1" />
          <FullName>IntegrationTests/&lt;Player_Gameplay_ShouldHaveAnimatorEnabled&gt;d__5</FullName>
          <Methods>
            <Method visited="true" cyclomaticComplexity="0" nPathComplexity="0" sequenceCoverage="42.86" branchCoverage="0" crapScore="0" isConstructor="false" isStatic="false" isGetter="false" isSetter="false">
              <Summary numSequencePoints="7" visitedSequencePoints="3" numBranchPoints="0" visitedBranchPoints="0" sequenceCoverage="42.86" branchCoverage="0" maxCyclomaticComplexity="0" minCyclomaticComplexity="0" maxCrapScore="0" minCrapScore="0" visitedClasses="0" numClasses="0" visitedMethods="1" numMethods="1" />
              <MetadataToken>100663373</MetadataToken>
              <Name>System.Boolean IntegrationTests/&lt;Player_Gameplay_ShouldHaveAnimatorEnabled&gt;d__5::MoveNext()</Name>
              <FileRef uid="67" />
              <SequencePoints>
                <SequencePoint vc="1" uspid="7004" ordinal="0" offset="23" sl="150" sc="9" el="150" ec="9" bec="0" bev="0" fileid="67" />
                <SequencePoint vc="1" uspid="7005" ordinal="0" offset="46" sl="152" sc="9" el="152" ec="9" bec="0" bev="0" fileid="67" />
                <SequencePoint vc="1" uspid="7006" ordinal="0" offset="51" sl="155" sc="9" el="155" ec="9" bec="0" bev="0" fileid="67" />
                <SequencePoint vc="0" uspid="7007" ordinal="0" offset="57" sl="157" sc="9" el="157" ec="9" bec="0" bev="0" fileid="67" />
                <SequencePoint vc="0" uspid="7008" ordinal="0" offset="62" sl="160" sc="9" el="160" ec="9" bec="0" bev="0" fileid="67" />
                <SequencePoint vc="0" uspid="7009" ordinal="0" offset="68" sl="162" sc="9" el="162" ec="9" bec="0" bev="0" fileid="67" />
                <SequencePoint vc="0" uspid="7010" ordinal="0" offset="88" sl="166" sc="5" el="166" ec="5" bec="0" bev="0" fileid="67" />
              </SequencePoints>
              <BranchPoints />
            </Method>
          </Methods>
        </Class>
        <Class>
          <Summary numSequencePoints="4" visitedSequencePoints="3" numBranchPoints="0" visitedBranchPoints="0" sequenceCoverage="75.00" branchCoverage="0.0" maxCyclomaticComplexity="0" minCyclomaticComplexity="0" maxCrapScore="0" minCrapScore="0" visitedClasses="1" numClasses="1" visitedMethods="1" numMethods="1" />
          <FullName>IntegrationTests/&lt;Quiz_Gameplay_ShouldExist&gt;d__12</FullName>
          <Methods>
            <Method visited="true" cyclomaticComplexity="0" nPathComplexity="0" sequenceCoverage="75.00" branchCoverage="0" crapScore="0" isConstructor="false" isStatic="false" isGetter="false" isSetter="false">
              <Summary numSequencePoints="4" visitedSequencePoints="3" numBranchPoints="0" visitedBranchPoints="0" sequenceCoverage="75.00" branchCoverage="0" maxCyclomaticComplexity="0" minCyclomaticComplexity="0" maxCrapScore="0" minCrapScore="0" visitedClasses="0" numClasses="0" visitedMethods="1" numMethods="1" />
              <MetadataToken>100663379</MetadataToken>
              <Name>System.Boolean IntegrationTests/&lt;Quiz_Gameplay_ShouldExist&gt;d__12::MoveNext()</Name>
              <FileRef uid="67" />
              <SequencePoints>
                <SequencePoint vc="1" uspid="7011" ordinal="0" offset="23" sl="308" sc="9" el="308" ec="9" bec="0" bev="0" fileid="67" />
                <SequencePoint vc="1" uspid="7012" ordinal="0" offset="46" sl="310" sc="9" el="310" ec="9" bec="0" bev="0" fileid="67" />
                <SequencePoint vc="1" uspid="7013" ordinal="0" offset="51" sl="313" sc="9" el="313" ec="9" bec="0" bev="0" fileid="67" />
                <SequencePoint vc="0" uspid="7014" ordinal="0" offset="66" sl="317" sc="5" el="317" ec="5" bec="0" bev="0" fileid="67" />
              </SequencePoints>
              <BranchPoints />
            </Method>
          </Methods>
        </Class>
        <Class>
          <Summary numSequencePoints="8" visitedSequencePoints="5" numBranchPoints="0" visitedBranchPoints="0" sequenceCoverage="62.50" branchCoverage="0.0" maxCyclomaticComplexity="0" minCyclomaticComplexity="0" maxCrapScore="0" minCrapScore="0" visitedClasses="1" numClasses="1" visitedMethods="1" numMethods="1" />
          <FullName>IntegrationTests/&lt;UI_Gameplay_InventorySystem_ShouldWorkTogether&gt;d__0</FullName>
          <Methods>
            <Method visited="true" cyclomaticComplexity="0" nPathComplexity="0" sequenceCoverage="62.50" branchCoverage="0" crapScore="0" isConstructor="false" isStatic="false" isGetter="false" isSetter="false">
              <Summary numSequencePoints="8" visitedSequencePoints="5" numBranchPoints="0" visitedBranchPoints="0" sequenceCoverage="62.50" branchCoverage="0" maxCyclomaticComplexity="0" minCyclomaticComplexity="0" maxCrapScore="0" minCrapScore="0" visitedClasses="0" numClasses="0" visitedMethods="1" numMethods="1" />
              <MetadataToken>100663385</MetadataToken>
              <Name>System.Boolean IntegrationTests/&lt;UI_Gameplay_InventorySystem_ShouldWorkTogether&gt;d__0::MoveNext()</Name>
              <FileRef uid="67" />
              <SequencePoints>
                <SequencePoint vc="1" uspid="7015" ordinal="0" offset="23" sl="15" sc="9" el="15" ec="9" bec="0" bev="0" fileid="67" />
                <SequencePoint vc="1" uspid="7016" ordinal="0" offset="46" sl="17" sc="9" el="17" ec="9" bec="0" bev="0" fileid="67" />
                <SequencePoint vc="1" uspid="7017" ordinal="0" offset="51" sl="20" sc="9" el="20" ec="9" bec="0" bev="0" fileid="67" />
                <SequencePoint vc="1" uspid="7018" ordinal="0" offset="57" sl="23" sc="9" el="23" ec="9" bec="0" bev="0" fileid="67" />
                <SequencePoint vc="1" uspid="7019" ordinal="0" offset="63" sl="26" sc="9" el="26" ec="9" bec="0" bev="0" fileid="67" />
                <SequencePoint vc="0" uspid="7020" ordinal="0" offset="78" sl="31" sc="9" el="31" ec="9" bec="0" bev="0" fileid="67" />
                <SequencePoint vc="0" uspid="7021" ordinal="0" offset="94" sl="36" sc="9" el="36" ec="9" bec="0" bev="0" fileid="67" />
                <SequencePoint vc="0" uspid="7022" ordinal="0" offset="110" sl="40" sc="5" el="40" ec="5" bec="0" bev="0" fileid="67" />
              </SequencePoints>
              <BranchPoints />
            </Method>
          </Methods>
        </Class>
        <Class>
          <Summary numSequencePoints="6" visitedSequencePoints="4" numBranchPoints="0" visitedBranchPoints="0" sequenceCoverage="66.67" branchCoverage="0.0" maxCyclomaticComplexity="0" minCyclomaticComplexity="0" maxCrapScore="0" minCrapScore="0" visitedClasses="1" numClasses="1" visitedMethods="1" numMethods="1" />
          <FullName>IntegrationTests/&lt;UI_Gameplay_Inventory_ShouldContainSlots&gt;d__1</FullName>
          <Methods>
            <Method visited="true" cyclomaticComplexity="0" nPathComplexity="0" sequenceCoverage="66.67" branchCoverage="0" crapScore="0" isConstructor="false" isStatic="false" isGetter="false" isSetter="false">
              <Summary numSequencePoints="6" visitedSequencePoints="4" numBranchPoints="0" visitedBranchPoints="0" sequenceCoverage="66.67" branchCoverage="0" maxCyclomaticComplexity="0" minCyclomaticComplexity="0" maxCrapScore="0" minCrapScore="0" visitedClasses="0" numClasses="0" visitedMethods="1" numMethods="1" />
              <MetadataToken>100663391</MetadataToken>
              <Name>System.Boolean IntegrationTests/&lt;UI_Gameplay_Inventory_ShouldContainSlots&gt;d__1::MoveNext()</Name>
              <FileRef uid="67" />
              <SequencePoints>
                <SequencePoint vc="1" uspid="7023" ordinal="0" offset="23" sl="46" sc="9" el="46" ec="9" bec="0" bev="0" fileid="67" />
                <SequencePoint vc="1" uspid="7024" ordinal="0" offset="46" sl="48" sc="9" el="48" ec="9" bec="0" bev="0" fileid="67" />
                <SequencePoint vc="1" uspid="7025" ordinal="0" offset="51" sl="51" sc="9" el="51" ec="9" bec="0" bev="0" fileid="67" />
                <SequencePoint vc="1" uspid="7026" ordinal="0" offset="58" sl="56" sc="9" el="56" ec="9" bec="0" bev="0" fileid="67" />
                <SequencePoint vc="0" uspid="7027" ordinal="0" offset="73" sl="61" sc="9" el="61" ec="9" bec="0" bev="0" fileid="67" />
                <SequencePoint vc="0" uspid="7028" ordinal="0" offset="92" sl="66" sc="5" el="66" ec="5" bec="0" bev="0" fileid="67" />
              </SequencePoints>
              <BranchPoints />
            </Method>
          </Methods>
        </Class>
        <Class>
          <Summary numSequencePoints="6" visitedSequencePoints="4" numBranchPoints="0" visitedBranchPoints="0" sequenceCoverage="66.67" branchCoverage="0.0" maxCyclomaticComplexity="0" minCyclomaticComplexity="0" maxCrapScore="0" minCrapScore="0" visitedClasses="1" numClasses="1" visitedMethods="1" numMethods="1" />
          <FullName>IntegrationTests/&lt;UI_Gameplay_Pickup_ShouldConnectToInventory&gt;d__2</FullName>
          <Methods>
            <Method visited="true" cyclomaticComplexity="0" nPathComplexity="0" sequenceCoverage="66.67" branchCoverage="0" crapScore="0" isConstructor="false" isStatic="false" isGetter="false" isSetter="false">
              <Summary numSequencePoints="6" visitedSequencePoints="4" numBranchPoints="0" visitedBranchPoints="0" sequenceCoverage="66.67" branchCoverage="0" maxCyclomaticComplexity="0" minCyclomaticComplexity="0" maxCrapScore="0" minCrapScore="0" visitedClasses="0" numClasses="0" visitedMethods="1" numMethods="1" />
              <MetadataToken>100663397</MetadataToken>
              <Name>System.Boolean IntegrationTests/&lt;UI_Gameplay_Pickup_ShouldConnectToInventory&gt;d__2::MoveNext()</Name>
              <FileRef uid="67" />
              <SequencePoints>
                <SequencePoint vc="1" uspid="7029" ordinal="0" offset="23" sl="72" sc="9" el="72" ec="9" bec="0" bev="0" fileid="67" />
                <SequencePoint vc="1" uspid="7030" ordinal="0" offset="46" sl="74" sc="9" el="74" ec="9" bec="0" bev="0" fileid="67" />
                <SequencePoint vc="1" uspid="7031" ordinal="0" offset="51" sl="77" sc="9" el="77" ec="9" bec="0" bev="0" fileid="67" />
                <SequencePoint vc="1" uspid="7032" ordinal="0" offset="57" sl="80" sc="9" el="80" ec="9" bec="0" bev="0" fileid="67" />
                <SequencePoint vc="0" uspid="7033" ordinal="0" offset="72" sl="85" sc="9" el="85" ec="9" bec="0" bev="0" fileid="67" />
                <SequencePoint vc="0" uspid="7034" ordinal="0" offset="88" sl="89" sc="5" el="89" ec="5" bec="0" bev="0" fileid="67" />
              </SequencePoints>
              <BranchPoints />
            </Method>
          </Methods>
        </Class>
        <Class>
          <Summary numSequencePoints="5" visitedSequencePoints="3" numBranchPoints="0" visitedBranchPoints="0" sequenceCoverage="60.00" branchCoverage="0.0" maxCyclomaticComplexity="0" minCyclomaticComplexity="0" maxCrapScore="0" minCrapScore="0" visitedClasses="1" numClasses="1" visitedMethods="1" numMethods="1" />
          <FullName>Lab6Tests/&lt;Animator_ShouldBeEnabled&gt;d__11</FullName>
          <Methods>
            <Method visited="true" cyclomaticComplexity="0" nPathComplexity="0" sequenceCoverage="60.00" branchCoverage="0" crapScore="0" isConstructor="false" isStatic="false" isGetter="false" isSetter="false">
              <Summary numSequencePoints="5" visitedSequencePoints="3" numBranchPoints="0" visitedBranchPoints="0" sequenceCoverage="60.00" branchCoverage="0" maxCyclomaticComplexity="0" minCyclomaticComplexity="0" maxCrapScore="0" minCrapScore="0" visitedClasses="0" numClasses="0" visitedMethods="1" numMethods="1" />
              <MetadataToken>100663403</MetadataToken>
              <Name>System.Boolean Lab6Tests/&lt;Animator_ShouldBeEnabled&gt;d__11::MoveNext()</Name>
              <FileRef uid="68" />
              <SequencePoints>
                <SequencePoint vc="1" uspid="7035" ordinal="0" offset="23" sl="183" sc="9" el="183" ec="9" bec="0" bev="0" fileid="68" />
                <SequencePoint vc="1" uspid="7036" ordinal="0" offset="46" sl="185" sc="9" el="185" ec="9" bec="0" bev="0" fileid="68" />
                <SequencePoint vc="1" uspid="7037" ordinal="0" offset="51" sl="188" sc="9" el="188" ec="9" bec="0" bev="0" fileid="68" />
                <SequencePoint vc="0" uspid="7038" ordinal="0" offset="56" sl="191" sc="9" el="191" ec="9" bec="0" bev="0" fileid="68" />
                <SequencePoint vc="0" uspid="7039" ordinal="0" offset="66" sl="192" sc="5" el="192" ec="5" bec="0" bev="0" fileid="68" />
              </SequencePoints>
              <BranchPoints />
            </Method>
          </Methods>
        </Class>
        <Class>
          <Summary numSequencePoints="6" visitedSequencePoints="3" numBranchPoints="0" visitedBranchPoints="0" sequenceCoverage="50.00" branchCoverage="0.0" maxCyclomaticComplexity="0" minCyclomaticComplexity="0" maxCrapScore="0" minCrapScore="0" visitedClasses="1" numClasses="1" visitedMethods="1" numMethods="1" />
          <FullName>Lab6Tests/&lt;Animator_ShouldHaveController&gt;d__10</FullName>
          <Methods>
            <Method visited="true" cyclomaticComplexity="0" nPathComplexity="0" sequenceCoverage="50.00" branchCoverage="0" crapScore="0" isConstructor="false" isStatic="false" isGetter="false" isSetter="false">
              <Summary numSequencePoints="6" visitedSequencePoints="3" numBranchPoints="0" visitedBranchPoints="0" sequenceCoverage="50.00" branchCoverage="0" maxCyclomaticComplexity="0" minCyclomaticComplexity="0" maxCrapScore="0" minCrapScore="0" visitedClasses="0" numClasses="0" visitedMethods="1" numMethods="1" />
              <MetadataToken>100663409</MetadataToken>
              <Name>System.Boolean Lab6Tests/&lt;Animator_ShouldHaveController&gt;d__10::MoveNext()</Name>
              <FileRef uid="68" />
              <SequencePoints>
                <SequencePoint vc="1" uspid="7040" ordinal="0" offset="23" sl="165" sc="9" el="165" ec="9" bec="0" bev="0" fileid="68" />
                <SequencePoint vc="1" uspid="7041" ordinal="0" offset="46" sl="167" sc="9" el="167" ec="9" bec="0" bev="0" fileid="68" />
                <SequencePoint vc="1" uspid="7042" ordinal="0" offset="51" sl="170" sc="9" el="170" ec="9" bec="0" bev="0" fileid="68" />
                <SequencePoint vc="0" uspid="7043" ordinal="0" offset="56" sl="173" sc="9" el="173" ec="9" bec="0" bev="0" fileid="68" />
                <SequencePoint vc="0" uspid="7044" ordinal="0" offset="62" sl="175" sc="9" el="175" ec="9" bec="0" bev="0" fileid="68" />
                <SequencePoint vc="0" uspid="7045" ordinal="0" offset="72" sl="178" sc="5" el="178" ec="5" bec="0" bev="0" fileid="68" />
              </SequencePoints>
              <BranchPoints />
            </Method>
          </Methods>
        </Class>
        <Class>
          <Summary numSequencePoints="4" visitedSequencePoints="3" numBranchPoints="0" visitedBranchPoints="0" sequenceCoverage="75.00" branchCoverage="0.0" maxCyclomaticComplexity="0" minCyclomaticComplexity="0" maxCrapScore="0" minCrapScore="0" visitedClasses="1" numClasses="1" visitedMethods="1" numMethods="1" />
          <FullName>Lab6Tests/&lt;AudioSetting_ShouldExist&gt;d__6</FullName>
          <Methods>
            <Method visited="true" cyclomaticComplexity="0" nPathComplexity="0" sequenceCoverage="75.00" branchCoverage="0" crapScore="0" isConstructor="false" isStatic="false" isGetter="false" isSetter="false">
              <Summary numSequencePoints="4" visitedSequencePoints="3" numBranchPoints="0" visitedBranchPoints="0" sequenceCoverage="75.00" branchCoverage="0" maxCyclomaticComplexity="0" minCyclomaticComplexity="0" maxCrapScore="0" minCrapScore="0" visitedClasses="0" numClasses="0" visitedMethods="1" numMethods="1" />
              <MetadataToken>100663415</MetadataToken>
              <Name>System.Boolean Lab6Tests/&lt;AudioSetting_ShouldExist&gt;d__6::MoveNext()</Name>
              <FileRef uid="68" />
              <SequencePoints>
                <SequencePoint vc="1" uspid="7046" ordinal="0" offset="23" sl="109" sc="9" el="109" ec="9" bec="0" bev="0" fileid="68" />
                <SequencePoint vc="1" uspid="7047" ordinal="0" offset="46" sl="111" sc="9" el="111" ec="9" bec="0" bev="0" fileid="68" />
                <SequencePoint vc="1" uspid="7048" ordinal="0" offset="51" sl="114" sc="9" el="114" ec="9" bec="0" bev="0" fileid="68" />
                <SequencePoint vc="0" uspid="7049" ordinal="0" offset="56" sl="115" sc="5" el="115" ec="5" bec="0" bev="0" fileid="68" />
              </SequencePoints>
              <BranchPoints />
            </Method>
          </Methods>
        </Class>
        <Class>
          <Summary numSequencePoints="5" visitedSequencePoints="3" numBranchPoints="0" visitedBranchPoints="0" sequenceCoverage="60.00" branchCoverage="0.0" maxCyclomaticComplexity="0" minCyclomaticComplexity="0" maxCrapScore="0" minCrapScore="0" visitedClasses="1" numClasses="1" visitedMethods="1" numMethods="1" />
          <FullName>Lab6Tests/&lt;Hotbar_ShouldBeActive&gt;d__4</FullName>
          <Methods>
            <Method visited="true" cyclomaticComplexity="0" nPathComplexity="0" sequenceCoverage="60.00" branchCoverage="0" crapScore="0" isConstructor="false" isStatic="false" isGetter="false" isSetter="false">
              <Summary numSequencePoints="5" visitedSequencePoints="3" numBranchPoints="0" visitedBranchPoints="0" sequenceCoverage="60.00" branchCoverage="0" maxCyclomaticComplexity="0" minCyclomaticComplexity="0" maxCrapScore="0" minCrapScore="0" visitedClasses="0" numClasses="0" visitedMethods="1" numMethods="1" />
              <MetadataToken>100663421</MetadataToken>
              <Name>System.Boolean Lab6Tests/&lt;Hotbar_ShouldBeActive&gt;d__4::MoveNext()</Name>
              <FileRef uid="68" />
              <SequencePoints>
                <SequencePoint vc="1" uspid="7050" ordinal="0" offset="23" sl="73" sc="9" el="73" ec="9" bec="0" bev="0" fileid="68" />
                <SequencePoint vc="1" uspid="7051" ordinal="0" offset="46" sl="75" sc="9" el="75" ec="9" bec="0" bev="0" fileid="68" />
                <SequencePoint vc="1" uspid="7052" ordinal="0" offset="51" sl="78" sc="9" el="78" ec="9" bec="0" bev="0" fileid="68" />
                <SequencePoint vc="0" uspid="7053" ordinal="0" offset="57" sl="80" sc="9" el="80" ec="9" bec="0" bev="0" fileid="68" />
                <SequencePoint vc="0" uspid="7054" ordinal="0" offset="72" sl="83" sc="5" el="83" ec="5" bec="0" bev="0" fileid="68" />
              </SequencePoints>
              <BranchPoints />
            </Method>
          </Methods>
        </Class>
        <Class>
          <Summary numSequencePoints="5" visitedSequencePoints="3" numBranchPoints="0" visitedBranchPoints="0" sequenceCoverage="60.00" branchCoverage="0.0" maxCyclomaticComplexity="0" minCyclomaticComplexity="0" maxCrapScore="0" minCrapScore="0" visitedClasses="1" numClasses="1" visitedMethods="1" numMethods="1" />
          <FullName>Lab6Tests/&lt;Hotbar_ShouldContainUIElements&gt;d__5</FullName>
          <Methods>
            <Method visited="true" cyclomaticComplexity="0" nPathComplexity="0" sequenceCoverage="60.00" branchCoverage="0" crapScore="0" isConstructor="false" isStatic="false" isGetter="false" isSetter="false">
              <Summary numSequencePoints="5" visitedSequencePoints="3" numBranchPoints="0" visitedBranchPoints="0" sequenceCoverage="60.00" branchCoverage="0" maxCyclomaticComplexity="0" minCyclomaticComplexity="0" maxCrapScore="0" minCrapScore="0" visitedClasses="0" numClasses="0" visitedMethods="1" numMethods="1" />
              <MetadataToken>100663427</MetadataToken>
              <Name>System.Boolean Lab6Tests/&lt;Hotbar_ShouldContainUIElements&gt;d__5::MoveNext()</Name>
              <FileRef uid="68" />
              <SequencePoints>
                <SequencePoint vc="1" uspid="7055" ordinal="0" offset="23" sl="88" sc="9" el="88" ec="9" bec="0" bev="0" fileid="68" />
                <SequencePoint vc="1" uspid="7056" ordinal="0" offset="46" sl="90" sc="9" el="90" ec="9" bec="0" bev="0" fileid="68" />
                <SequencePoint vc="1" uspid="7057" ordinal="0" offset="51" sl="93" sc="9" el="93" ec="9" bec="0" bev="0" fileid="68" />
                <SequencePoint vc="0" uspid="7058" ordinal="0" offset="57" sl="95" sc="9" el="95" ec="9" bec="0" bev="0" fileid="68" />
                <SequencePoint vc="0" uspid="7059" ordinal="0" offset="73" sl="99" sc="5" el="99" ec="5" bec="0" bev="0" fileid="68" />
              </SequencePoints>
              <BranchPoints />
            </Method>
          </Methods>
        </Class>
        <Class>
          <Summary numSequencePoints="4" visitedSequencePoints="3" numBranchPoints="0" visitedBranchPoints="0" sequenceCoverage="75.00" branchCoverage="0.0" maxCyclomaticComplexity="0" minCyclomaticComplexity="0" maxCrapScore="0" minCrapScore="0" visitedClasses="1" numClasses="1" visitedMethods="1" numMethods="1" />
          <FullName>Lab6Tests/&lt;Hotbar_ShouldExist&gt;d__3</FullName>
          <Methods>
            <Method visited="true" cyclomaticComplexity="0" nPathComplexity="0" sequenceCoverage="75.00" branchCoverage="0" crapScore="0" isConstructor="false" isStatic="false" isGetter="false" isSetter="false">
              <Summary numSequencePoints="4" visitedSequencePoints="3" numBranchPoints="0" visitedBranchPoints="0" sequenceCoverage="75.00" branchCoverage="0" maxCyclomaticComplexity="0" minCyclomaticComplexity="0" maxCrapScore="0" minCrapScore="0" visitedClasses="0" numClasses="0" visitedMethods="1" numMethods="1" />
              <MetadataToken>100663433</MetadataToken>
              <Name>System.Boolean Lab6Tests/&lt;Hotbar_ShouldExist&gt;d__3::MoveNext()</Name>
              <FileRef uid="68" />
              <SequencePoints>
                <SequencePoint vc="1" uspid="7060" ordinal="0" offset="23" sl="62" sc="9" el="62" ec="9" bec="0" bev="0" fileid="68" />
                <SequencePoint vc="1" uspid="7061" ordinal="0" offset="46" sl="64" sc="9" el="64" ec="9" bec="0" bev="0" fileid="68" />
                <SequencePoint vc="1" uspid="7062" ordinal="0" offset="51" sl="67" sc="9" el="67" ec="9" bec="0" bev="0" fileid="68" />
                <SequencePoint vc="0" uspid="7063" ordinal="0" offset="56" sl="68" sc="5" el="68" ec="5" bec="0" bev="0" fileid="68" />
              </SequencePoints>
              <BranchPoints />
            </Method>
          </Methods>
        </Class>
        <Class>
          <Summary numSequencePoints="4" visitedSequencePoints="3" numBranchPoints="0" visitedBranchPoints="0" sequenceCoverage="75.00" branchCoverage="0.0" maxCyclomaticComplexity="0" minCyclomaticComplexity="0" maxCrapScore="0" minCrapScore="0" visitedClasses="1" numClasses="1" visitedMethods="1" numMethods="1" />
          <FullName>Lab6Tests/&lt;InventoryManager_ShouldExist&gt;d__2</FullName>
          <Methods>
            <Method visited="true" cyclomaticComplexity="0" nPathComplexity="0" sequenceCoverage="75.00" branchCoverage="0" crapScore="0" isConstructor="false" isStatic="false" isGetter="false" isSetter="false">
              <Summary numSequencePoints="4" visitedSequencePoints="3" numBranchPoints="0" visitedBranchPoints="0" sequenceCoverage="75.00" branchCoverage="0" maxCyclomaticComplexity="0" minCyclomaticComplexity="0" maxCrapScore="0" minCrapScore="0" visitedClasses="0" numClasses="0" visitedMethods="1" numMethods="1" />
              <MetadataToken>100663439</MetadataToken>
              <Name>System.Boolean Lab6Tests/&lt;InventoryManager_ShouldExist&gt;d__2::MoveNext()</Name>
              <FileRef uid="68" />
              <SequencePoints>
                <SequencePoint vc="1" uspid="7064" ordinal="0" offset="23" sl="46" sc="9" el="46" ec="9" bec="0" bev="0" fileid="68" />
                <SequencePoint vc="1" uspid="7065" ordinal="0" offset="46" sl="48" sc="9" el="48" ec="9" bec="0" bev="0" fileid="68" />
                <SequencePoint vc="1" uspid="7066" ordinal="0" offset="51" sl="51" sc="9" el="51" ec="9" bec="0" bev="0" fileid="68" />
                <SequencePoint vc="0" uspid="7067" ordinal="0" offset="56" sl="52" sc="5" el="52" ec="5" bec="0" bev="0" fileid="68" />
              </SequencePoints>
              <BranchPoints />
            </Method>
          </Methods>
        </Class>
        <Class>
          <Summary numSequencePoints="4" visitedSequencePoints="3" numBranchPoints="0" visitedBranchPoints="0" sequenceCoverage="75.00" branchCoverage="0.0" maxCyclomaticComplexity="0" minCyclomaticComplexity="0" maxCrapScore="0" minCrapScore="0" visitedClasses="1" numClasses="1" visitedMethods="1" numMethods="1" />
          <FullName>Lab6Tests/&lt;InventoryUI_ShouldExist&gt;d__0</FullName>
          <Methods>
            <Method visited="true" cyclomaticComplexity="0" nPathComplexity="0" sequenceCoverage="75.00" branchCoverage="0" crapScore="0" isConstructor="false" isStatic="false" isGetter="false" isSetter="false">
              <Summary numSequencePoints="4" visitedSequencePoints="3" numBranchPoints="0" visitedBranchPoints="0" sequenceCoverage="75.00" branchCoverage="0" maxCyclomaticComplexity="0" minCyclomaticComplexity="0" maxCrapScore="0" minCrapScore="0" visitedClasses="0" numClasses="0" visitedMethods="1" numMethods="1" />
              <MetadataToken>100663445</MetadataToken>
              <Name>System.Boolean Lab6Tests/&lt;InventoryUI_ShouldExist&gt;d__0::MoveNext()</Name>
              <FileRef uid="68" />
              <SequencePoints>
                <SequencePoint vc="1" uspid="7068" ordinal="0" offset="23" sl="15" sc="9" el="15" ec="9" bec="0" bev="0" fileid="68" />
                <SequencePoint vc="1" uspid="7069" ordinal="0" offset="46" sl="17" sc="9" el="17" ec="9" bec="0" bev="0" fileid="68" />
                <SequencePoint vc="1" uspid="7070" ordinal="0" offset="51" sl="20" sc="9" el="20" ec="9" bec="0" bev="0" fileid="68" />
                <SequencePoint vc="0" uspid="7071" ordinal="0" offset="66" sl="24" sc="5" el="24" ec="5" bec="0" bev="0" fileid="68" />
              </SequencePoints>
              <BranchPoints />
            </Method>
          </Methods>
        </Class>
        <Class>
          <Summary numSequencePoints="4" visitedSequencePoints="3" numBranchPoints="0" visitedBranchPoints="0" sequenceCoverage="75.00" branchCoverage="0.0" maxCyclomaticComplexity="0" minCyclomaticComplexity="0" maxCrapScore="0" minCrapScore="0" visitedClasses="1" numClasses="1" visitedMethods="1" numMethods="1" />
          <FullName>Lab6Tests/&lt;Inventory_ShouldContainSlot&gt;d__1</FullName>
          <Methods>
            <Method visited="true" cyclomaticComplexity="0" nPathComplexity="0" sequenceCoverage="75.00" branchCoverage="0" crapScore="0" isConstructor="false" isStatic="false" isGetter="false" isSetter="false">
              <Summary numSequencePoints="4" visitedSequencePoints="3" numBranchPoints="0" visitedBranchPoints="0" sequenceCoverage="75.00" branchCoverage="0" maxCyclomaticComplexity="0" minCyclomaticComplexity="0" maxCrapScore="0" minCrapScore="0" visitedClasses="0" numClasses="0" visitedMethods="1" numMethods="1" />
              <MetadataToken>100663451</MetadataToken>
              <Name>System.Boolean Lab6Tests/&lt;Inventory_ShouldContainSlot&gt;d__1::MoveNext()</Name>
              <FileRef uid="68" />
              <SequencePoints>
                <SequencePoint vc="1" uspid="7072" ordinal="0" offset="23" sl="29" sc="9" el="29" ec="9" bec="0" bev="0" fileid="68" />
                <SequencePoint vc="1" uspid="7073" ordinal="0" offset="46" sl="31" sc="9" el="31" ec="9" bec="0" bev="0" fileid="68" />
                <SequencePoint vc="1" uspid="7074" ordinal="0" offset="52" sl="36" sc="9" el="36" ec="9" bec="0" bev="0" fileid="68" />
                <SequencePoint vc="0" uspid="7075" ordinal="0" offset="70" sl="41" sc="5" el="41" ec="5" bec="0" bev="0" fileid="68" />
              </SequencePoints>
              <BranchPoints />
            </Method>
          </Methods>
        </Class>
        <Class>
          <Summary numSequencePoints="5" visitedSequencePoints="3" numBranchPoints="0" visitedBranchPoints="0" sequenceCoverage="60.00" branchCoverage="0.0" maxCyclomaticComplexity="0" minCyclomaticComplexity="0" maxCrapScore="0" minCrapScore="0" visitedClasses="1" numClasses="1" visitedMethods="1" numMethods="1" />
          <FullName>Lab6Tests/&lt;Particle_ShouldBeEnabled&gt;d__13</FullName>
          <Methods>
            <Method visited="true" cyclomaticComplexity="0" nPathComplexity="0" sequenceCoverage="60.00" branchCoverage="0" crapScore="0" isConstructor="false" isStatic="false" isGetter="false" isSetter="false">
              <Summary numSequencePoints="5" visitedSequencePoints="3" numBranchPoints="0" visitedBranchPoints="0" sequenceCoverage="60.00" branchCoverage="0" maxCyclomaticComplexity="0" minCyclomaticComplexity="0" maxCrapScore="0" minCrapScore="0" visitedClasses="0" numClasses="0" visitedMethods="1" numMethods="1" />
              <MetadataToken>100663457</MetadataToken>
              <Name>System.Boolean Lab6Tests/&lt;Particle_ShouldBeEnabled&gt;d__13::MoveNext()</Name>
              <FileRef uid="68" />
              <SequencePoints>
                <SequencePoint vc="1" uspid="7076" ordinal="0" offset="23" sl="215" sc="9" el="215" ec="9" bec="0" bev="0" fileid="68" />
                <SequencePoint vc="1" uspid="7077" ordinal="0" offset="46" sl="217" sc="9" el="217" ec="9" bec="0" bev="0" fileid="68" />
                <SequencePoint vc="1" uspid="7078" ordinal="0" offset="51" sl="220" sc="9" el="220" ec="9" bec="0" bev="0" fileid="68" />
                <SequencePoint vc="0" uspid="7079" ordinal="0" offset="57" sl="222" sc="9" el="222" ec="9" bec="0" bev="0" fileid="68" />
                <SequencePoint vc="0" uspid="7080" ordinal="0" offset="72" sl="225" sc="5" el="225" ec="5" bec="0" bev="0" fileid="68" />
              </SequencePoints>
              <BranchPoints />
            </Method>
          </Methods>
        </Class>
        <Class>
          <Summary numSequencePoints="4" visitedSequencePoints="3" numBranchPoints="0" visitedBranchPoints="0" sequenceCoverage="75.00" branchCoverage="0.0" maxCyclomaticComplexity="0" minCyclomaticComplexity="0" maxCrapScore="0" minCrapScore="0" visitedClasses="1" numClasses="1" visitedMethods="1" numMethods="1" />
          <FullName>Lab6Tests/&lt;Particle_ShouldExist&gt;d__12</FullName>
          <Methods>
            <Method visited="true" cyclomaticComplexity="0" nPathComplexity="0" sequenceCoverage="75.00" branchCoverage="0" crapScore="0" isConstructor="false" isStatic="false" isGetter="false" isSetter="false">
              <Summary numSequencePoints="4" visitedSequencePoints="3" numBranchPoints="0" visitedBranchPoints="0" sequenceCoverage="75.00" branchCoverage="0" maxCyclomaticComplexity="0" minCyclomaticComplexity="0" maxCrapScore="0" minCrapScore="0" visitedClasses="0" numClasses="0" visitedMethods="1" numMethods="1" />
              <MetadataToken>100663463</MetadataToken>
              <Name>System.Boolean Lab6Tests/&lt;Particle_ShouldExist&gt;d__12::MoveNext()</Name>
              <FileRef uid="68" />
              <SequencePoints>
                <SequencePoint vc="1" uspid="7081" ordinal="0" offset="23" sl="202" sc="9" el="202" ec="9" bec="0" bev="0" fileid="68" />
                <SequencePoint vc="1" uspid="7082" ordinal="0" offset="46" sl="204" sc="9" el="204" ec="9" bec="0" bev="0" fileid="68" />
                <SequencePoint vc="1" uspid="7083" ordinal="0" offset="52" sl="209" sc="9" el="209" ec="9" bec="0" bev="0" fileid="68" />
                <SequencePoint vc="0" uspid="7084" ordinal="0" offset="60" sl="210" sc="5" el="210" ec="5" bec="0" bev="0" fileid="68" />
              </SequencePoints>
              <BranchPoints />
            </Method>
          </Methods>
        </Class>
        <Class>
          <Summary numSequencePoints="6" visitedSequencePoints="2" numBranchPoints="0" visitedBranchPoints="0" sequenceCoverage="33.33" branchCoverage="0.0" maxCyclomaticComplexity="0" minCyclomaticComplexity="0" maxCrapScore="0" minCrapScore="0" visitedClasses="1" numClasses="1" visitedMethods="1" numMethods="1" />
          <FullName>Lab6Tests/&lt;Particle_ShouldPlay&gt;d__14</FullName>
          <Methods>
            <Method visited="true" cyclomaticComplexity="0" nPathComplexity="0" sequenceCoverage="33.33" branchCoverage="0" crapScore="0" isConstructor="false" isStatic="false" isGetter="false" isSetter="false">
              <Summary numSequencePoints="6" visitedSequencePoints="2" numBranchPoints="0" visitedBranchPoints="0" sequenceCoverage="33.33" branchCoverage="0" maxCyclomaticComplexity="0" minCyclomaticComplexity="0" maxCrapScore="0" minCrapScore="0" visitedClasses="0" numClasses="0" visitedMethods="1" numMethods="1" />
              <MetadataToken>100663469</MetadataToken>
              <Name>System.Boolean Lab6Tests/&lt;Particle_ShouldPlay&gt;d__14::MoveNext()</Name>
              <FileRef uid="68" />
              <SequencePoints>
                <SequencePoint vc="1" uspid="7085" ordinal="0" offset="23" sl="230" sc="9" el="230" ec="9" bec="0" bev="0" fileid="68" />
                <SequencePoint vc="1" uspid="7086" ordinal="0" offset="34" sl="233" sc="9" el="233" ec="9" bec="0" bev="0" fileid="68" />
                <SequencePoint vc="0" uspid="7087" ordinal="0" offset="45" sl="235" sc="9" el="235" ec="9" bec="0" bev="0" fileid="68" />
                <SequencePoint vc="0" uspid="7088" ordinal="0" offset="56" sl="237" sc="9" el="237" ec="9" bec="0" bev="0" fileid="68" />
                <SequencePoint vc="0" uspid="7089" ordinal="0" offset="79" sl="239" sc="9" el="239" ec="9" bec="0" bev="0" fileid="68" />
                <SequencePoint vc="0" uspid="7090" ordinal="0" offset="95" sl="240" sc="5" el="240" ec="5" bec="0" bev="0" fileid="68" />
              </SequencePoints>
              <BranchPoints />
            </Method>
          </Methods>
        </Class>
        <Class>
          <Summary numSequencePoints="6" visitedSequencePoints="3" numBranchPoints="0" visitedBranchPoints="0" sequenceCoverage="50.00" branchCoverage="0.0" maxCyclomaticComplexity="0" minCyclomaticComplexity="0" maxCrapScore="0" minCrapScore="0" visitedClasses="1" numClasses="1" visitedMethods="1" numMethods="1" />
          <FullName>Lab6Tests/&lt;Player_ShouldHaveAnimator&gt;d__9</FullName>
          <Methods>
            <Method visited="true" cyclomaticComplexity="0" nPathComplexity="0" sequenceCoverage="50.00" branchCoverage="0" crapScore="0" isConstructor="false" isStatic="false" isGetter="false" isSetter="false">
              <Summary numSequencePoints="6" visitedSequencePoints="3" numBranchPoints="0" visitedBranchPoints="0" sequenceCoverage="50.00" branchCoverage="0" maxCyclomaticComplexity="0" minCyclomaticComplexity="0" maxCrapScore="0" minCrapScore="0" visitedClasses="0" numClasses="0" visitedMethods="1" numMethods="1" />
              <MetadataToken>100663475</MetadataToken>
              <Name>System.Boolean Lab6Tests/&lt;Player_ShouldHaveAnimator&gt;d__9::MoveNext()</Name>
              <FileRef uid="68" />
              <SequencePoints>
                <SequencePoint vc="1" uspid="7091" ordinal="0" offset="23" sl="150" sc="9" el="150" ec="9" bec="0" bev="0" fileid="68" />
                <SequencePoint vc="1" uspid="7092" ordinal="0" offset="46" sl="151" sc="9" el="151" ec="9" bec="0" bev="0" fileid="68" />
                <SequencePoint vc="1" uspid="7093" ordinal="0" offset="51" sl="154" sc="9" el="154" ec="9" bec="0" bev="0" fileid="68" />
                <SequencePoint vc="0" uspid="7094" ordinal="0" offset="57" sl="156" sc="9" el="156" ec="9" bec="0" bev="0" fileid="68" />
                <SequencePoint vc="0" uspid="7095" ordinal="0" offset="62" sl="159" sc="9" el="159" ec="9" bec="0" bev="0" fileid="68" />
                <SequencePoint vc="0" uspid="7096" ordinal="0" offset="67" sl="160" sc="5" el="160" ec="5" bec="0" bev="0" fileid="68" />
              </SequencePoints>
              <BranchPoints />
            </Method>
          </Methods>
        </Class>
        <Class>
          <Summary numSequencePoints="4" visitedSequencePoints="3" numBranchPoints="0" visitedBranchPoints="0" sequenceCoverage="75.00" branchCoverage="0.0" maxCyclomaticComplexity="0" minCyclomaticComplexity="0" maxCrapScore="0" minCrapScore="0" visitedClasses="1" numClasses="1" visitedMethods="1" numMethods="1" />
          <FullName>Lab6Tests/&lt;VolumeUI_ShouldExist&gt;d__7</FullName>
          <Methods>
            <Method visited="true" cyclomaticComplexity="0" nPathComplexity="0" sequenceCoverage="75.00" branchCoverage="0" crapScore="0" isConstructor="false" isStatic="false" isGetter="false" isSetter="false">
              <Summary numSequencePoints="4" visitedSequencePoints="3" numBranchPoints="0" visitedBranchPoints="0" sequenceCoverage="75.00" branchCoverage="0" maxCyclomaticComplexity="0" minCyclomaticComplexity="0" maxCrapScore="0" minCrapScore="0" visitedClasses="0" numClasses="0" visitedMethods="1" numMethods="1" />
              <MetadataToken>100663481</MetadataToken>
              <Name>System.Boolean Lab6Tests/&lt;VolumeUI_ShouldExist&gt;d__7::MoveNext()</Name>
              <FileRef uid="68" />
              <SequencePoints>
                <SequencePoint vc="1" uspid="7097" ordinal="0" offset="23" sl="120" sc="9" el="120" ec="9" bec="0" bev="0" fileid="68" />
                <SequencePoint vc="1" uspid="7098" ordinal="0" offset="46" sl="122" sc="9" el="122" ec="9" bec="0" bev="0" fileid="68" />
                <SequencePoint vc="1" uspid="7099" ordinal="0" offset="51" sl="125" sc="9" el="125" ec="9" bec="0" bev="0" fileid="68" />
                <SequencePoint vc="0" uspid="7100" ordinal="0" offset="56" sl="126" sc="5" el="126" ec="5" bec="0" bev="0" fileid="68" />
              </SequencePoints>
              <BranchPoints />
            </Method>
          </Methods>
        </Class>
      </Classes>
    </Module>
  </Modules>
</CoverageSession>